#
# A fatal error has been detected by the Java Runtime Environment:
#
#  EXCEPTION_ACCESS_VIOLATION (0xc0000005) at pc=0x000000006671c750, pid=9164, tid=1948
#
# JRE version: 6.0_17-b04
# Java VM: Java HotSpot(TM) 64-Bit Server VM (14.3-b01 mixed mode windows-amd64 )
# Problematic frame:
# C  0x000000006671c750
#
# If you would like to submit a bug report, please visit:
#   http://java.sun.com/webapps/bugreport/crash.jsp
# The crash happened outside the Java Virtual Machine in native code.
# See problematic frame for where to report the bug.
#

---------------  T H R E A D  ---------------

Current thread (0x000000004e4fe800):  JavaThread "AWT-EventQueue-0" [_thread_in_native, id=1948, stack(0x00000000a3ff0000,0x00000000a7ff0000)]

siginfo: ExceptionCode=0xc0000005, reading address 0x0000000000000008

Registers:
EAX=0x000000000000000d, EBX=0x000000004e4fe9b8, ECX=0x0000000000000000, EDX=0x000000002c0107be
ESP=0x00000000a7fde7a8, EBP=0x00000000c5077780, ESI=0x000000004e4fe9b8, EDI=0x000000006944c9b0
EIP=0x000000006671c750, EFLAGS=0x0000000000010206

Top of Stack: (sp=0x00000000a7fde7a8)
0x00000000a7fde7a8:   00000000666c589c 000000004e4fe9b8
0x00000000a7fde7b8:   00000000c5077780 000000004e4fe9b8
0x00000000a7fde7c8:   000000006944c9b0 0000000034252130
0x00000000a7fde7d8:   000000004e4fe9b8 00000000a7fdcf60
0x00000000a7fde7e8:   00000000666a3810 000000004e4fe9b8
0x00000000a7fde7f8:   00000000a7fdeea0 00000000a7fdee78
0x00000000a7fde808:   00000000c5077780 000000000000000b
0x00000000a7fde818:   00000000666c2151 0000000034027eb0
0x00000000a7fde828:   00000000a7fdee80 0000000000000000
0x00000000a7fde838:   00000000a7fdee78 0000000100000000
0x00000000a7fde848:   0000000000000000 0000000000000000
0x00000000a7fde858:   000000000000001c 0000000000000014
0x00000000a7fde868:   0000000000000010 0000000000000018
0x00000000a7fde878:   0000000100000000 0000000034027c48
0x00000000a7fde888:   000000002be91950 000000003b92a148
0x00000000a7fde898:   0000000032250d70 0000000000000000 

Instructions: (pc=0x000000006671c750)
0x000000006671c740:   48 8b 41 08 48 8b 80 18 0c 00 00 c3 cc cc cc cc
0x000000006671c750:   48 8b 49 08 48 85 c9 74 05 e9 72 f6 fd ff 33 c0 


Stack: [0x00000000a3ff0000,0x00000000a7ff0000],  sp=0x00000000a7fde7a8,  free space=65465k
Native frames: (J=compiled Java code, j=interpreted, Vv=VM code, C=native code)
C  0x000000006671c750

Java frames: (J=compiled Java code, j=interpreted, Vv=VM code)
J  sun.java2d.windows.GDIBlitLoops.nativeBlit(Lsun/java2d/SurfaceData;Lsun/java2d/SurfaceData;Lsun/java2d/pipe/Region;IIIIIIIIIZ)V
J  sun.java2d.windows.GDIBlitLoops.Blit(Lsun/java2d/SurfaceData;Lsun/java2d/SurfaceData;Ljava/awt/Composite;Lsun/java2d/pipe/Region;IIIIII)V
J  sun.java2d.pipe.DrawImage.copyImage(Lsun/java2d/SunGraphics2D;Ljava/awt/Image;IILjava/awt/Color;Ljava/awt/image/ImageObserver;)Z
J  javax.swing.RepaintManager$PaintManager.paintDoubleBuffered(Ljavax/swing/JComponent;Ljava/awt/Image;Ljava/awt/Graphics;IIII)V
J  javax.swing.RepaintManager$PaintManager.paint(Ljavax/swing/JComponent;Ljavax/swing/JComponent;Ljava/awt/Graphics;IIII)Z
j  javax.swing.RepaintManager.paint(Ljavax/swing/JComponent;Ljavax/swing/JComponent;Ljava/awt/Graphics;IIII)V+52
J  javax.swing.JComponent.paint(Ljava/awt/Graphics;)V
j  java.awt.GraphicsCallback$PaintCallback.run(Ljava/awt/Component;Ljava/awt/Graphics;)V+2
j  sun.awt.SunGraphicsCallback.runOneComponent(Ljava/awt/Component;Ljava/awt/Rectangle;Ljava/awt/Graphics;Ljava/awt/Shape;I)V+155
j  sun.awt.SunGraphicsCallback.runComponents([Ljava/awt/Component;Ljava/awt/Graphics;I)V+104
j  java.awt.Container.paint(Ljava/awt/Graphics;)V+73
J  javax.swing.RepaintManager.paintDirtyRegions(Ljava/util/Map;)V
j  javax.swing.RepaintManager.paintDirtyRegions()V+46
j  javax.swing.RepaintManager.seqPaintDirtyRegions()V+73
j  javax.swing.SystemEventQueueUtilities$ComponentWorkRequest.run()V+36
J  java.awt.event.InvocationEvent.dispatch()V
J  java.awt.EventDispatchThread.pumpOneEventForFilters(I)Z
J  java.awt.EventDispatchThread.pumpEventsForFilter(ILjava/awt/Conditional;Ljava/awt/EventFilter;)V
j  java.awt.EventDispatchThread.pumpEventsForHierarchy(ILjava/awt/Conditional;Ljava/awt/Component;)V+11
j  java.awt.EventDispatchThread.pumpEvents(ILjava/awt/Conditional;)V+4
j  java.awt.EventDispatchThread.pumpEvents(Ljava/awt/Conditional;)V+3
v  ~StubRoutines::call_stub
j  sun.reflect.NativeMethodAccessorImpl.invoke0(Ljava/lang/reflect/Method;Ljava/lang/Object;[Ljava/lang/Object;)Ljava/lang/Object;+0
j  sun.reflect.NativeMethodAccessorImpl.invoke(Ljava/lang/Object;[Ljava/lang/Object;)Ljava/lang/Object;+87
J  java.lang.reflect.Method.invoke(Ljava/lang/Object;[Ljava/lang/Object;)Ljava/lang/Object;
j  foxtrot.pumps.ConditionalEventPump.pumpEvents(Lfoxtrot/Task;)V+49
j  foxtrot.AbstractSyncWorker.post(Lfoxtrot/Task;Lfoxtrot/WorkerThread;Lfoxtrot/EventPump;)Ljava/lang/Object;+43
j  foxtrot.Worker.post(Lfoxtrot/Task;)Ljava/lang/Object;+10
j  com.mathworks.mwswing.MJFileChooserPerPlatform.createAndStartSynchronousFoxTrotTask(Ljava/lang/Object;Z)V+33
j  com.mathworks.mwswing.MJFileChooserPerPlatform.access$600(Ljava/lang/Object;Z)V+2
j  com.mathworks.mwswing.MJFileChooserPerPlatform$OpenDialogDelegateImpl.showOpenDialog(Lcom/mathworks/mwswing/MJFileChooserPerPlatform;Ljava/awt/Component;)V+22
j  com.mathworks.mwswing.MJFileChooserPerPlatform.showOpenDialog(Ljava/awt/Component;)V+5
j  com.mathworks.mde.desk.MLDesktop.showOpenDialog(Ljava/io/File;Ljava/awt/Component;Ljava/lang/String;Ljava/util/List;)V+48
j  com.mathworks.mde.desk.MLDesktop.showOpenDialog(Ljava/io/File;Ljava/awt/Component;)V+7
j  com.mathworks.mde.editor.EditorGroup.doDesktopOpenFile()V+9
j  com.mathworks.mde.editor.EditorGroup.access$100()V+0
j  com.mathworks.mde.editor.EditorGroup$2.update(Ljava/util/Observable;Ljava/lang/Object;)V+0
j  com.mathworks.mde.editor.EditorAction$ObservableAction.actionPerformed(Ljava/awt/event/ActionEvent;)V+38
j  com.mathworks.mwswing.ChildAction.actionPerformed(Ljava/awt/event/ActionEvent;)V+12
j  javax.swing.SwingUtilities.notifyAction(Ljavax/swing/Action;Ljavax/swing/KeyStroke;Ljava/awt/event/KeyEvent;Ljava/lang/Object;I)Z+132
J  javax.swing.JComponent.processKeyBindings(Ljava/awt/event/KeyEvent;Z)Z
J  com.mathworks.widgets.SyntaxTextPaneBase.processKeyEvent(Ljava/awt/event/KeyEvent;)V
J  java.awt.Container.processEvent(Ljava/awt/AWTEvent;)V
J  java.awt.Component.dispatchEventImpl(Ljava/awt/AWTEvent;)V
J  java.awt.Container.dispatchEventImpl(Ljava/awt/AWTEvent;)V
J  java.awt.DefaultKeyboardFocusManager.dispatchKeyEvent(Ljava/awt/event/KeyEvent;)Z
J  java.awt.DefaultKeyboardFocusManager.preDispatchKeyEvent(Ljava/awt/event/KeyEvent;)Z
j  java.awt.DefaultKeyboardFocusManager.typeAheadAssertions(Ljava/awt/Component;Ljava/awt/AWTEvent;)Z+175
J  java.awt.DefaultKeyboardFocusManager.dispatchEvent(Ljava/awt/AWTEvent;)Z
J  java.awt.Component.dispatchEventImpl(Ljava/awt/AWTEvent;)V
J  java.awt.Container.dispatchEventImpl(Ljava/awt/AWTEvent;)V
j  java.awt.Window.dispatchEventImpl(Ljava/awt/AWTEvent;)V+19
J  java.awt.EventDispatchThread.pumpOneEventForFilters(I)Z
J  java.awt.EventDispatchThread.pumpEventsForFilter(ILjava/awt/Conditional;Ljava/awt/EventFilter;)V
j  java.awt.EventDispatchThread.pumpEventsForHierarchy(ILjava/awt/Conditional;Ljava/awt/Component;)V+11
j  java.awt.EventDispatchThread.pumpEvents(ILjava/awt/Conditional;)V+4
j  java.awt.EventDispatchThread.pumpEvents(Ljava/awt/Conditional;)V+3
v  ~StubRoutines::call_stub
j  sun.reflect.NativeMethodAccessorImpl.invoke0(Ljava/lang/reflect/Method;Ljava/lang/Object;[Ljava/lang/Object;)Ljava/lang/Object;+0
j  sun.reflect.NativeMethodAccessorImpl.invoke(Ljava/lang/Object;[Ljava/lang/Object;)Ljava/lang/Object;+87
J  java.lang.reflect.Method.invoke(Ljava/lang/Object;[Ljava/lang/Object;)Ljava/lang/Object;
j  foxtrot.pumps.ConditionalEventPump.pumpEvents(Lfoxtrot/Task;)V+49
j  foxtrot.AbstractSyncWorker.post(Lfoxtrot/Task;Lfoxtrot/WorkerThread;Lfoxtrot/EventPump;)Ljava/lang/Object;+43
j  foxtrot.Worker.post(Lfoxtrot/Task;)Ljava/lang/Object;+10
j  com.mathworks.mwswing.MJFileChooserPerPlatform.createAndStartSynchronousFoxTrotTask(Ljava/lang/Object;Z)V+33
j  com.mathworks.mwswing.MJFileChooserPerPlatform.access$600(Ljava/lang/Object;Z)V+2
j  com.mathworks.mwswing.MJFileChooserPerPlatform$SaveDialogDelegateImpl.showSaveDialog(Lcom/mathworks/mwswing/MJFileChooserPerPlatform;Ljava/awt/Component;)V+22
j  com.mathworks.mwswing.MJFileChooserPerPlatform.showSaveDialog(Ljava/awt/Component;)V+5
j  com.mathworks.mlwidgets.workspace.WorkspaceCommands.showSaveDialog(Ljava/awt/Frame;[Ljava/lang/String;)V+42
j  com.mathworks.mlwidgets.workspace.WorkspaceCommands.saveVariables([Ljava/lang/String;Ljava/io/File;Ljava/awt/Frame;ZLcom/mathworks/jmi/MatlabListener;)V+54
j  com.mathworks.mlwidgets.workspace.WorkspaceCommands.saveVariables([Ljava/lang/String;Ljava/io/File;Ljava/awt/Frame;)V+5
j  com.mathworks.mlwidgets.workspace.WorkspaceCommands.saveAllVariables(Ljava/io/File;Ljava/awt/Frame;)V+3
j  com.mathworks.mlwidgets.workspace.WorkspaceCommands.saveAllVariables(Ljava/awt/Frame;)V+2
j  com.mathworks.mde.desk.MLDesktop$SaveWorkspaceAction.actionPerformed(Ljava/awt/event/ActionEvent;)V+4
j  com.mathworks.mwswing.ChildAction.actionPerformed(Ljava/awt/event/ActionEvent;)V+12
j  javax.swing.AbstractButton.fireActionPerformed(Ljava/awt/event/ActionEvent;)V+84
j  javax.swing.AbstractButton$Handler.actionPerformed(Ljava/awt/event/ActionEvent;)V+5
j  javax.swing.DefaultButtonModel.fireActionPerformed(Ljava/awt/event/ActionEvent;)V+35
j  javax.swing.DefaultButtonModel.setPressed(Z)V+117
j  com.mathworks.toolstrip.plaf.RegularButtonUI$RegularToolstripButtonListener.mouseReleasedImpl()V+8
j  com.mathworks.toolstrip.plaf.RegularButtonUI$RegularToolstripButtonListener.mouseReleased(Ljava/awt/event/MouseEvent;)V+23
j  java.awt.AWTEventMulticaster.mouseReleased(Ljava/awt/event/MouseEvent;)V+8
j  java.awt.Component.processMouseEvent(Ljava/awt/event/MouseEvent;)V+64
j  javax.swing.JComponent.processMouseEvent(Ljava/awt/event/MouseEvent;)V+23
j  com.mathworks.mwswing.MJButton.processMouseEvent(Ljava/awt/event/MouseEvent;)V+37
J  java.awt.Container.processEvent(Ljava/awt/AWTEvent;)V
J  java.awt.Component.dispatchEventImpl(Ljava/awt/AWTEvent;)V
J  java.awt.Container.dispatchEventImpl(Ljava/awt/AWTEvent;)V
J  java.awt.LightweightDispatcher.retargetMouseEvent(Ljava/awt/Component;ILjava/awt/event/MouseEvent;)V
J  java.awt.Container.dispatchEventImpl(Ljava/awt/AWTEvent;)V
j  java.awt.Window.dispatchEventImpl(Ljava/awt/AWTEvent;)V+19
J  java.awt.EventDispatchThread.pumpOneEventForFilters(I)Z
J  java.awt.EventDispatchThread.pumpEventsForFilter(ILjava/awt/Conditional;Ljava/awt/EventFilter;)V
j  java.awt.EventDispatchThread.pumpEventsForHierarchy(ILjava/awt/Conditional;Ljava/awt/Component;)V+11
j  java.awt.EventDispatchThread.pumpEvents(ILjava/awt/Conditional;)V+4
j  java.awt.EventDispatchThread.pumpEvents(Ljava/awt/Conditional;)V+3
v  ~StubRoutines::call_stub
j  sun.reflect.NativeMethodAccessorImpl.invoke0(Ljava/lang/reflect/Method;Ljava/lang/Object;[Ljava/lang/Object;)Ljava/lang/Object;+0
j  sun.reflect.NativeMethodAccessorImpl.invoke(Ljava/lang/Object;[Ljava/lang/Object;)Ljava/lang/Object;+87
J  java.lang.reflect.Method.invoke(Ljava/lang/Object;[Ljava/lang/Object;)Ljava/lang/Object;
j  foxtrot.pumps.ConditionalEventPump.pumpEvents(Lfoxtrot/Task;)V+49
j  foxtrot.AbstractSyncWorker.post(Lfoxtrot/Task;Lfoxtrot/WorkerThread;Lfoxtrot/EventPump;)Ljava/lang/Object;+43
j  foxtrot.Worker.post(Lfoxtrot/Task;)Ljava/lang/Object;+10
j  com.mathworks.mwswing.MJFileChooserPerPlatform.createAndStartSynchronousFoxTrotTask(Ljava/lang/Object;Z)V+33
j  com.mathworks.mwswing.MJFileChooserPerPlatform.access$600(Ljava/lang/Object;Z)V+2
j  com.mathworks.mwswing.MJFileChooserPerPlatform$SaveDialogDelegateImpl.showSaveDialog(Lcom/mathworks/mwswing/MJFileChooserPerPlatform;Ljava/awt/Component;)V+22
j  com.mathworks.mwswing.MJFileChooserPerPlatform.showSaveDialog(Ljava/awt/Component;)V+5
j  com.mathworks.mlwidgets.workspace.WorkspaceCommands.showSaveDialog(Ljava/awt/Frame;[Ljava/lang/String;)V+42
j  com.mathworks.mlwidgets.workspace.WorkspaceCommands.saveVariables([Ljava/lang/String;Ljava/io/File;Ljava/awt/Frame;ZLcom/mathworks/jmi/MatlabListener;)V+54
j  com.mathworks.mlwidgets.workspace.WorkspaceCommands.saveVariables([Ljava/lang/String;Ljava/io/File;Ljava/awt/Frame;)V+5
j  com.mathworks.mlwidgets.workspace.WorkspaceCommands.saveAllVariables(Ljava/io/File;Ljava/awt/Frame;)V+3
j  com.mathworks.mlwidgets.workspace.WorkspaceCommands.saveAllVariables(Ljava/awt/Frame;)V+2
j  com.mathworks.mde.desk.MLDesktop$SaveWorkspaceAction.actionPerformed(Ljava/awt/event/ActionEvent;)V+4
j  com.mathworks.mwswing.ChildAction.actionPerformed(Ljava/awt/event/ActionEvent;)V+12
j  javax.swing.AbstractButton.fireActionPerformed(Ljava/awt/event/ActionEvent;)V+84
j  javax.swing.AbstractButton$Handler.actionPerformed(Ljava/awt/event/ActionEvent;)V+5
j  javax.swing.DefaultButtonModel.fireActionPerformed(Ljava/awt/event/ActionEvent;)V+35
j  javax.swing.DefaultButtonModel.setPressed(Z)V+117
j  com.mathworks.toolstrip.plaf.RegularButtonUI$RegularToolstripButtonListener.mouseReleasedImpl()V+8
j  com.mathworks.toolstrip.plaf.RegularButtonUI$RegularToolstripButtonListener.mouseReleased(Ljava/awt/event/MouseEvent;)V+23
j  java.awt.AWTEventMulticaster.mouseReleased(Ljava/awt/event/MouseEvent;)V+8
j  java.awt.Component.processMouseEvent(Ljava/awt/event/MouseEvent;)V+64
j  javax.swing.JComponent.processMouseEvent(Ljava/awt/event/MouseEvent;)V+23
j  com.mathworks.mwswing.MJButton.processMouseEvent(Ljava/awt/event/MouseEvent;)V+37
J  java.awt.Container.processEvent(Ljava/awt/AWTEvent;)V
J  java.awt.Component.dispatchEventImpl(Ljava/awt/AWTEvent;)V
J  java.awt.Container.dispatchEventImpl(Ljava/awt/AWTEvent;)V
J  java.awt.LightweightDispatcher.retargetMouseEvent(Ljava/awt/Component;ILjava/awt/event/MouseEvent;)V
J  java.awt.Container.dispatchEventImpl(Ljava/awt/AWTEvent;)V
j  java.awt.Window.dispatchEventImpl(Ljava/awt/AWTEvent;)V+19
J  java.awt.EventDispatchThread.pumpOneEventForFilters(I)Z
J  java.awt.EventDispatchThread.pumpEventsForFilter(ILjava/awt/Conditional;Ljava/awt/EventFilter;)V
j  java.awt.EventDispatchThread.pumpEventsForHierarchy(ILjava/awt/Conditional;Ljava/awt/Component;)V+11
j  java.awt.EventDispatchThread.pumpEvents(ILjava/awt/Conditional;)V+4
j  java.awt.EventDispatchThread.pumpEvents(Ljava/awt/Conditional;)V+3
v  ~StubRoutines::call_stub
j  sun.reflect.NativeMethodAccessorImpl.invoke0(Ljava/lang/reflect/Method;Ljava/lang/Object;[Ljava/lang/Object;)Ljava/lang/Object;+0
j  sun.reflect.NativeMethodAccessorImpl.invoke(Ljava/lang/Object;[Ljava/lang/Object;)Ljava/lang/Object;+87
J  java.lang.reflect.Method.invoke(Ljava/lang/Object;[Ljava/lang/Object;)Ljava/lang/Object;
j  foxtrot.pumps.ConditionalEventPump.pumpEvents(Lfoxtrot/Task;)V+49
j  foxtrot.AbstractSyncWorker.post(Lfoxtrot/Task;Lfoxtrot/WorkerThread;Lfoxtrot/EventPump;)Ljava/lang/Object;+43
j  foxtrot.Worker.post(Lfoxtrot/Task;)Ljava/lang/Object;+10
j  com.mathworks.mwswing.MJFileChooserPerPlatform.createAndStartSynchronousFoxTrotTask(Ljava/lang/Object;Z)V+33
j  com.mathworks.mwswing.MJFileChooserPerPlatform.access$600(Ljava/lang/Object;Z)V+2
j  com.mathworks.mwswing.MJFileChooserPerPlatform$SaveDialogDelegateImpl.showSaveDialog(Lcom/mathworks/mwswing/MJFileChooserPerPlatform;Ljava/awt/Component;)V+22
j  com.mathworks.mwswing.MJFileChooserPerPlatform.showSaveDialog(Ljava/awt/Component;)V+5
j  com.mathworks.mlwidgets.workspace.WorkspaceCommands.showSaveDialog(Ljava/awt/Frame;[Ljava/lang/String;)V+42
j  com.mathworks.mlwidgets.workspace.WorkspaceCommands.saveVariables([Ljava/lang/String;Ljava/io/File;Ljava/awt/Frame;ZLcom/mathworks/jmi/MatlabListener;)V+54
j  com.mathworks.mlwidgets.workspace.WorkspaceCommands.saveVariables([Ljava/lang/String;Ljava/io/File;Ljava/awt/Frame;)V+5
j  com.mathworks.mlwidgets.workspace.WorkspaceCommands.saveAllVariables(Ljava/io/File;Ljava/awt/Frame;)V+3
j  com.mathworks.mlwidgets.workspace.WorkspaceCommands.saveAllVariables(Ljava/awt/Frame;)V+2
j  com.mathworks.mde.desk.MLDesktop$SaveWorkspaceAction.actionPerformed(Ljava/awt/event/ActionEvent;)V+4
j  com.mathworks.mwswing.ChildAction.actionPerformed(Ljava/awt/event/ActionEvent;)V+12
j  javax.swing.AbstractButton.fireActionPerformed(Ljava/awt/event/ActionEvent;)V+84
j  javax.swing.AbstractButton$Handler.actionPerformed(Ljava/awt/event/ActionEvent;)V+5
j  javax.swing.DefaultButtonModel.fireActionPerformed(Ljava/awt/event/ActionEvent;)V+35
j  javax.swing.DefaultButtonModel.setPressed(Z)V+117
j  com.mathworks.toolstrip.plaf.RegularButtonUI$RegularToolstripButtonListener.mouseReleasedImpl()V+8
j  com.mathworks.toolstrip.plaf.RegularButtonUI$RegularToolstripButtonListener.mouseReleased(Ljava/awt/event/MouseEvent;)V+23
j  java.awt.AWTEventMulticaster.mouseReleased(Ljava/awt/event/MouseEvent;)V+8
j  java.awt.Component.processMouseEvent(Ljava/awt/event/MouseEvent;)V+64
j  javax.swing.JComponent.processMouseEvent(Ljava/awt/event/MouseEvent;)V+23
j  com.mathworks.mwswing.MJButton.processMouseEvent(Ljava/awt/event/MouseEvent;)V+37
J  java.awt.Container.processEvent(Ljava/awt/AWTEvent;)V
J  java.awt.Component.dispatchEventImpl(Ljava/awt/AWTEvent;)V
J  java.awt.Container.dispatchEventImpl(Ljava/awt/AWTEvent;)V
J  java.awt.LightweightDispatcher.retargetMouseEvent(Ljava/awt/Component;ILjava/awt/event/MouseEvent;)V
J  java.awt.Container.dispatchEventImpl(Ljava/awt/AWTEvent;)V
j  java.awt.Window.dispatchEventImpl(Ljava/awt/AWTEvent;)V+19
J  java.awt.EventDispatchThread.pumpOneEventForFilters(I)Z
J  java.awt.EventDispatchThread.pumpEventsForFilter(ILjava/awt/Conditional;Ljava/awt/EventFilter;)V
j  java.awt.EventDispatchThread.pumpEventsForHierarchy(ILjava/awt/Conditional;Ljava/awt/Component;)V+11
j  java.awt.EventDispatchThread.pumpEvents(ILjava/awt/Conditional;)V+4
j  java.awt.EventDispatchThread.pumpEvents(Ljava/awt/Conditional;)V+3
v  ~StubRoutines::call_stub
j  sun.reflect.NativeMethodAccessorImpl.invoke0(Ljava/lang/reflect/Method;Ljava/lang/Object;[Ljava/lang/Object;)Ljava/lang/Object;+0
j  sun.reflect.NativeMethodAccessorImpl.invoke(Ljava/lang/Object;[Ljava/lang/Object;)Ljava/lang/Object;+87
J  java.lang.reflect.Method.invoke(Ljava/lang/Object;[Ljava/lang/Object;)Ljava/lang/Object;
j  foxtrot.pumps.ConditionalEventPump.pumpEvents(Lfoxtrot/Task;)V+49
j  foxtrot.AbstractSyncWorker.post(Lfoxtrot/Task;Lfoxtrot/WorkerThread;Lfoxtrot/EventPump;)Ljava/lang/Object;+43
j  foxtrot.Worker.post(Lfoxtrot/Task;)Ljava/lang/Object;+10
j  com.mathworks.mwswing.MJFileChooserPerPlatform.createAndStartSynchronousFoxTrotTask(Ljava/lang/Object;Z)V+33
j  com.mathworks.mwswing.MJFileChooserPerPlatform.access$600(Ljava/lang/Object;Z)V+2
j  com.mathworks.mwswing.MJFileChooserPerPlatform$OpenDialogDelegateImpl.showOpenDialog(Lcom/mathworks/mwswing/MJFileChooserPerPlatform;Ljava/awt/Component;)V+22
j  com.mathworks.mwswing.MJFileChooserPerPlatform.showOpenDialog(Ljava/awt/Component;)V+5
j  com.mathworks.mde.desk.MLDesktop.showOpenDialog(Ljava/io/File;Ljava/awt/Component;Ljava/lang/String;Ljava/util/List;)V+48
j  com.mathworks.mde.desk.MLDesktop.showOpenDialog(Ljava/io/File;Ljava/awt/Component;)V+7
j  com.mathworks.mde.editor.EditorGroup.doDesktopOpenFile()V+9
j  com.mathworks.mde.editor.EditorGroup.access$100()V+0
j  com.mathworks.mde.editor.EditorGroup$2.update(Ljava/util/Observable;Ljava/lang/Object;)V+0
j  com.mathworks.mde.editor.EditorAction$ObservableAction.actionPerformed(Ljava/awt/event/ActionEvent;)V+38
j  com.mathworks.mwswing.ChildAction.actionPerformed(Ljava/awt/event/ActionEvent;)V+12
j  javax.swing.SwingUtilities.notifyAction(Ljavax/swing/Action;Ljavax/swing/KeyStroke;Ljava/awt/event/KeyEvent;Ljava/lang/Object;I)Z+132
J  javax.swing.JComponent.processKeyBindings(Ljava/awt/event/KeyEvent;Z)Z
J  com.mathworks.widgets.SyntaxTextPaneBase.processKeyEvent(Ljava/awt/event/KeyEvent;)V
J  java.awt.Container.processEvent(Ljava/awt/AWTEvent;)V
J  java.awt.Component.dispatchEventImpl(Ljava/awt/AWTEvent;)V
J  java.awt.Container.dispatchEventImpl(Ljava/awt/AWTEvent;)V
J  java.awt.DefaultKeyboardFocusManager.dispatchKeyEvent(Ljava/awt/event/KeyEvent;)Z
J  java.awt.DefaultKeyboardFocusManager.preDispatchKeyEvent(Ljava/awt/event/KeyEvent;)Z
j  java.awt.DefaultKeyboardFocusManager.typeAheadAssertions(Ljava/awt/Component;Ljava/awt/AWTEvent;)Z+175
J  java.awt.DefaultKeyboardFocusManager.dispatchEvent(Ljava/awt/AWTEvent;)Z
J  java.awt.Component.dispatchEventImpl(Ljava/awt/AWTEvent;)V
J  java.awt.Container.dispatchEventImpl(Ljava/awt/AWTEvent;)V
j  java.awt.Window.dispatchEventImpl(Ljava/awt/AWTEvent;)V+19
J  java.awt.EventDispatchThread.pumpOneEventForFilters(I)Z
J  java.awt.EventDispatchThread.pumpEventsForFilter(ILjava/awt/Conditional;Ljava/awt/EventFilter;)V
j  java.awt.EventDispatchThread.pumpEventsForHierarchy(ILjava/awt/Conditional;Ljava/awt/Component;)V+11
j  java.awt.EventDispatchThread.pumpEvents(ILjava/awt/Conditional;)V+4
j  java.awt.EventDispatchThread.pumpEvents(Ljava/awt/Conditional;)V+3
v  ~StubRoutines::call_stub
j  sun.reflect.NativeMethodAccessorImpl.invoke0(Ljava/lang/reflect/Method;Ljava/lang/Object;[Ljava/lang/Object;)Ljava/lang/Object;+0
j  sun.reflect.NativeMethodAccessorImpl.invoke(Ljava/lang/Object;[Ljava/lang/Object;)Ljava/lang/Object;+87
J  java.lang.reflect.Method.invoke(Ljava/lang/Object;[Ljava/lang/Object;)Ljava/lang/Object;
j  foxtrot.pumps.ConditionalEventPump.pumpEvents(Lfoxtrot/Task;)V+49
j  foxtrot.AbstractSyncWorker.post(Lfoxtrot/Task;Lfoxtrot/WorkerThread;Lfoxtrot/EventPump;)Ljava/lang/Object;+43
j  foxtrot.Worker.post(Lfoxtrot/Task;)Ljava/lang/Object;+10
j  com.mathworks.mwswing.MJFileChooserPerPlatform.createAndStartSynchronousFoxTrotTask(Ljava/lang/Object;Z)V+33
j  com.mathworks.mwswing.MJFileChooserPerPlatform.access$600(Ljava/lang/Object;Z)V+2
j  com.mathworks.mwswing.MJFileChooserPerPlatform$OpenDialogDelegateImpl.showOpenDialog(Lcom/mathworks/mwswing/MJFileChooserPerPlatform;Ljava/awt/Component;)V+22
j  com.mathworks.mwswing.MJFileChooserPerPlatform.showOpenDialog(Ljava/awt/Component;)V+5
j  com.mathworks.mde.desk.MLDesktop.showOpenDialog(Ljava/io/File;Ljava/awt/Component;Ljava/lang/String;Ljava/util/List;)V+48
j  com.mathworks.mde.desk.MLDesktop.showOpenDialog(Ljava/io/File;Ljava/awt/Component;)V+7
j  com.mathworks.mde.editor.EditorGroup.doDesktopOpenFile()V+9
j  com.mathworks.mde.editor.EditorGroup.access$100()V+0
j  com.mathworks.mde.editor.EditorGroup$2.update(Ljava/util/Observable;Ljava/lang/Object;)V+0
j  com.mathworks.mde.editor.EditorAction$ObservableAction.actionPerformed(Ljava/awt/event/ActionEvent;)V+38
j  com.mathworks.mwswing.ChildAction.actionPerformed(Ljava/awt/event/ActionEvent;)V+12
j  javax.swing.SwingUtilities.notifyAction(Ljavax/swing/Action;Ljavax/swing/KeyStroke;Ljava/awt/event/KeyEvent;Ljava/lang/Object;I)Z+132
J  javax.swing.JComponent.processKeyBindings(Ljava/awt/event/KeyEvent;Z)Z
J  com.mathworks.widgets.SyntaxTextPaneBase.processKeyEvent(Ljava/awt/event/KeyEvent;)V
j  java.awt.Component.processEvent(Ljava/awt/AWTEvent;)V+121
j  java.awt.Container.processEvent(Ljava/awt/AWTEvent;)V+18
j  java.awt.Component.dispatchEventImpl(Ljava/awt/AWTEvent;)V+566
J  java.awt.Container.dispatchEventImpl(Ljava/awt/AWTEvent;)V
J  java.awt.DefaultKeyboardFocusManager.dispatchKeyEvent(Ljava/awt/event/KeyEvent;)Z
J  java.awt.DefaultKeyboardFocusManager.preDispatchKeyEvent(Ljava/awt/event/KeyEvent;)Z
j  java.awt.DefaultKeyboardFocusManager.typeAheadAssertions(Ljava/awt/Component;Ljava/awt/AWTEvent;)Z+175
J  java.awt.DefaultKeyboardFocusManager.dispatchEvent(Ljava/awt/AWTEvent;)Z
j  java.awt.Component.dispatchEventImpl(Ljava/awt/AWTEvent;)V+131
J  java.awt.Container.dispatchEventImpl(Ljava/awt/AWTEvent;)V
j  java.awt.Window.dispatchEventImpl(Ljava/awt/AWTEvent;)V+19
J  java.awt.EventDispatchThread.pumpOneEventForFilters(I)Z
J  java.awt.EventDispatchThread.pumpEventsForFilter(ILjava/awt/Conditional;Ljava/awt/EventFilter;)V
j  java.awt.EventDispatchThread.pumpEventsForHierarchy(ILjava/awt/Conditional;Ljava/awt/Component;)V+11
j  java.awt.EventDispatchThread.pumpEvents(ILjava/awt/Conditional;)V+4
j  java.awt.EventDispatchThread.pumpEvents(Ljava/awt/Conditional;)V+3
v  ~StubRoutines::call_stub
j  sun.reflect.NativeMethodAccessorImpl.invoke0(Ljava/lang/reflect/Method;Ljava/lang/Object;[Ljava/lang/Object;)Ljava/lang/Object;+0
j  sun.reflect.NativeMethodAccessorImpl.invoke(Ljava/lang/Object;[Ljava/lang/Object;)Ljava/lang/Object;+87
J  java.lang.reflect.Method.invoke(Ljava/lang/Object;[Ljava/lang/Object;)Ljava/lang/Object;
j  foxtrot.pumps.ConditionalEventPump.pumpEvents(Lfoxtrot/Task;)V+49
j  foxtrot.AbstractSyncWorker.post(Lfoxtrot/Task;Lfoxtrot/WorkerThread;Lfoxtrot/EventPump;)Ljava/lang/Object;+43
j  foxtrot.Worker.post(Lfoxtrot/Task;)Ljava/lang/Object;+10
j  com.mathworks.mwswing.MJFileChooserPerPlatform.createAndStartSynchronousFoxTrotTask(Ljava/lang/Object;Z)V+33
j  com.mathworks.mwswing.MJFileChooserPerPlatform.access$600(Ljava/lang/Object;Z)V+2
j  com.mathworks.mwswing.MJFileChooserPerPlatform$SaveDialogDelegateImpl.showSaveDialog(Lcom/mathworks/mwswing/MJFileChooserPerPlatform;Ljava/awt/Component;)V+22
j  com.mathworks.mwswing.MJFileChooserPerPlatform.showSaveDialog(Ljava/awt/Component;)V+5
j  com.mathworks.mlwidgets.workspace.WorkspaceCommands.showSaveDialog(Ljava/awt/Frame;[Ljava/lang/String;)V+42
j  com.mathworks.mlwidgets.workspace.WorkspaceCommands.saveVariables([Ljava/lang/String;Ljava/io/File;Ljava/awt/Frame;ZLcom/mathworks/jmi/MatlabListener;)V+54
j  com.mathworks.mlwidgets.workspace.WorkspaceCommands.saveVariables([Ljava/lang/String;Ljava/io/File;Ljava/awt/Frame;)V+5
j  com.mathworks.mlwidgets.workspace.WorkspaceCommands.saveAllVariables(Ljava/io/File;Ljava/awt/Frame;)V+3
j  com.mathworks.mlwidgets.workspace.WorkspaceCommands.saveAllVariables(Ljava/awt/Frame;)V+2
j  com.mathworks.mde.desk.MLDesktop$SaveWorkspaceAction.actionPerformed(Ljava/awt/event/ActionEvent;)V+4
j  com.mathworks.mwswing.ChildAction.actionPerformed(Ljava/awt/event/ActionEvent;)V+12
j  javax.swing.AbstractButton.fireActionPerformed(Ljava/awt/event/ActionEvent;)V+84
j  javax.swing.AbstractButton$Handler.actionPerformed(Ljava/awt/event/ActionEvent;)V+5
j  javax.swing.DefaultButtonModel.fireActionPerformed(Ljava/awt/event/ActionEvent;)V+35
j  javax.swing.DefaultButtonModel.setPressed(Z)V+117
j  com.mathworks.toolstrip.plaf.RegularButtonUI$RegularToolstripButtonListener.mouseReleasedImpl()V+8
j  com.mathworks.toolstrip.plaf.RegularButtonUI$RegularToolstripButtonListener.mouseReleased(Ljava/awt/event/MouseEvent;)V+23
j  java.awt.AWTEventMulticaster.mouseReleased(Ljava/awt/event/MouseEvent;)V+8
j  java.awt.Component.processMouseEvent(Ljava/awt/event/MouseEvent;)V+64
j  javax.swing.JComponent.processMouseEvent(Ljava/awt/event/MouseEvent;)V+23
j  com.mathworks.mwswing.MJButton.processMouseEvent(Ljava/awt/event/MouseEvent;)V+37
j  java.awt.Component.processEvent(Ljava/awt/AWTEvent;)V+81
j  java.awt.Container.processEvent(Ljava/awt/AWTEvent;)V+18
J  java.awt.Component.dispatchEventImpl(Ljava/awt/AWTEvent;)V
J  java.awt.Container.dispatchEventImpl(Ljava/awt/AWTEvent;)V
J  java.awt.LightweightDispatcher.retargetMouseEvent(Ljava/awt/Component;ILjava/awt/event/MouseEvent;)V
J  java.awt.Container.dispatchEventImpl(Ljava/awt/AWTEvent;)V
j  java.awt.Window.dispatchEventImpl(Ljava/awt/AWTEvent;)V+19
J  java.awt.EventDispatchThread.pumpOneEventForFilters(I)Z
J  java.awt.EventDispatchThread.pumpEventsForFilter(ILjava/awt/Conditional;Ljava/awt/EventFilter;)V
j  java.awt.EventDispatchThread.pumpEventsForHierarchy(ILjava/awt/Conditional;Ljava/awt/Component;)V+11
j  java.awt.EventDispatchThread.pumpEvents(ILjava/awt/Conditional;)V+4
j  java.awt.EventDispatchThread.pumpEvents(Ljava/awt/Conditional;)V+3
v  ~StubRoutines::call_stub
j  sun.reflect.NativeMethodAccessorImpl.invoke0(Ljava/lang/reflect/Method;Ljava/lang/Object;[Ljava/lang/Object;)Ljava/lang/Object;+0
j  sun.reflect.NativeMethodAccessorImpl.invoke(Ljava/lang/Object;[Ljava/lang/Object;)Ljava/lang/Object;+87
J  sun.reflect.DelegatingMethodAccessorImpl.invoke(Ljava/lang/Object;[Ljava/lang/Object;)Ljava/lang/Object;
j  java.lang.reflect.Method.invoke(Ljava/lang/Object;[Ljava/lang/Object;)Ljava/lang/Object;+161
j  foxtrot.pumps.ConditionalEventPump.pumpEvents(Lfoxtrot/Task;)V+49
j  foxtrot.AbstractSyncWorker.post(Lfoxtrot/Task;Lfoxtrot/WorkerThread;Lfoxtrot/EventPump;)Ljava/lang/Object;+43
j  foxtrot.Worker.post(Lfoxtrot/Task;)Ljava/lang/Object;+10
j  com.mathworks.mwswing.MJFileChooserPerPlatform.createAndStartSynchronousFoxTrotTask(Ljava/lang/Object;Z)V+33
j  com.mathworks.mwswing.MJFileChooserPerPlatform.access$600(Ljava/lang/Object;Z)V+2
j  com.mathworks.mwswing.MJFileChooserPerPlatform$OpenDialogDelegateImpl.showOpenDialog(Lcom/mathworks/mwswing/MJFileChooserPerPlatform;Ljava/awt/Component;)V+22
j  com.mathworks.mwswing.MJFileChooserPerPlatform.showOpenDialog(Ljava/awt/Component;)V+5
j  com.mathworks.mde.desk.MLDesktop.showOpenDialog(Ljava/io/File;Ljava/awt/Component;Ljava/lang/String;Ljava/util/List;)V+48
j  com.mathworks.mde.desk.MLDesktop.showOpenDialog(Ljava/io/File;Ljava/awt/Component;)V+7
j  com.mathworks.mde.editor.EditorGroup.doDesktopOpenFile()V+9
j  com.mathworks.mde.editor.EditorGroup.access$100()V+0
j  com.mathworks.mde.editor.EditorGroup$2.update(Ljava/util/Observable;Ljava/lang/Object;)V+0
j  com.mathworks.mde.editor.EditorAction$ObservableAction.actionPerformed(Ljava/awt/event/ActionEvent;)V+38
j  com.mathworks.mwswing.ChildAction.actionPerformed(Ljava/awt/event/ActionEvent;)V+12
j  com.mathworks.toolstrip.factory.TSFactory$ListListenerBridge.listItemSelected(Lcom/mathworks/toolstrip/components/popups/ListActionEvent;)V+79
v  ~StubRoutines::call_stub
j  sun.reflect.NativeMethodAccessorImpl.invoke0(Ljava/lang/reflect/Method;Ljava/lang/Object;[Ljava/lang/Object;)Ljava/lang/Object;+0
j  sun.reflect.NativeMethodAccessorImpl.invoke(Ljava/lang/Object;[Ljava/lang/Object;)Ljava/lang/Object;+87
J  com.mathworks.util.event.EventListenerList$1.invoke(Ljava/lang/Object;Ljava/lang/reflect/Method;[Ljava/lang/Object;)Ljava/lang/Object;
j  $Proxy7.listItemSelected(Lcom/mathworks/toolstrip/components/popups/ListActionEvent;)V+16
j  com.mathworks.toolstrip.plaf.TSListCellRenderer.mouseReleased(Ljava/awt/event/MouseEvent;)V+87
j  java.awt.AWTEventMulticaster.mouseReleased(Ljava/awt/event/MouseEvent;)V+21
j  java.awt.Component.processMouseEvent(Ljava/awt/event/MouseEvent;)V+64
j  javax.swing.JComponent.processMouseEvent(Ljava/awt/event/MouseEvent;)V+23
j  java.awt.Component.processEvent(Ljava/awt/AWTEvent;)V+81
j  java.awt.Container.processEvent(Ljava/awt/AWTEvent;)V+18
j  java.awt.Component.dispatchEventImpl(Ljava/awt/AWTEvent;)V+566
j  java.awt.Container.dispatchEventImpl(Ljava/awt/AWTEvent;)V+42
J  java.awt.LightweightDispatcher.retargetMouseEvent(Ljava/awt/Component;ILjava/awt/event/MouseEvent;)V
j  java.awt.LightweightDispatcher.processMouseEvent(Ljava/awt/event/MouseEvent;)Z+139
j  java.awt.LightweightDispatcher.dispatchEvent(Ljava/awt/AWTEvent;)Z+50
j  java.awt.Container.dispatchEventImpl(Ljava/awt/AWTEvent;)V+12
j  java.awt.Window.dispatchEventImpl(Ljava/awt/AWTEvent;)V+19
j  java.awt.Component.dispatchEvent(Ljava/awt/AWTEvent;)V+2
j  java.awt.EventQueue.dispatchEvent(Ljava/awt/AWTEvent;)V+46
j  java.awt.EventDispatchThread.pumpOneEventForFilters(I)Z+204
j  java.awt.EventDispatchThread.pumpEventsForFilter(ILjava/awt/Conditional;Ljava/awt/EventFilter;)V+30
j  java.awt.EventDispatchThread.pumpEventsForHierarchy(ILjava/awt/Conditional;Ljava/awt/Component;)V+11
j  java.awt.EventDispatchThread.pumpEvents(ILjava/awt/Conditional;)V+4
j  java.awt.EventDispatchThread.pumpEvents(Ljava/awt/Conditional;)V+3
v  ~StubRoutines::call_stub
j  sun.reflect.NativeMethodAccessorImpl.invoke0(Ljava/lang/reflect/Method;Ljava/lang/Object;[Ljava/lang/Object;)Ljava/lang/Object;+0
j  sun.reflect.NativeMethodAccessorImpl.invoke(Ljava/lang/Object;[Ljava/lang/Object;)Ljava/lang/Object;+87
J  sun.reflect.DelegatingMethodAccessorImpl.invoke(Ljava/lang/Object;[Ljava/lang/Object;)Ljava/lang/Object;
j  java.lang.reflect.Method.invoke(Ljava/lang/Object;[Ljava/lang/Object;)Ljava/lang/Object;+161
j  foxtrot.pumps.ConditionalEventPump.pumpEvents(Lfoxtrot/Task;)V+49
j  foxtrot.AbstractSyncWorker.post(Lfoxtrot/Task;Lfoxtrot/WorkerThread;Lfoxtrot/EventPump;)Ljava/lang/Object;+43
j  foxtrot.Worker.post(Lfoxtrot/Task;)Ljava/lang/Object;+10
j  com.mathworks.mwswing.MJFileChooserPerPlatform.createAndStartSynchronousFoxTrotTask(Ljava/lang/Object;Z)V+33
j  com.mathworks.mwswing.MJFileChooserPerPlatform.access$600(Ljava/lang/Object;Z)V+2
j  com.mathworks.mwswing.MJFileChooserPerPlatform$OpenDialogDelegateImpl.showOpenDialog(Lcom/mathworks/mwswing/MJFileChooserPerPlatform;Ljava/awt/Component;)V+22
j  com.mathworks.mwswing.MJFileChooserPerPlatform.showOpenDialog(Ljava/awt/Component;)V+5
j  com.mathworks.mde.desk.MLDesktop.showOpenDialog(Ljava/io/File;Ljava/awt/Component;Ljava/lang/String;Ljava/util/List;)V+48
j  com.mathworks.mde.desk.MLDesktop.showOpenDialog(Ljava/io/File;Ljava/awt/Component;)V+7
j  com.mathworks.mde.editor.EditorGroup.doDesktopOpenFile()V+9
j  com.mathworks.mde.editor.EditorGroup.access$100()V+0
j  com.mathworks.mde.editor.EditorGroup$2.update(Ljava/util/Observable;Ljava/lang/Object;)V+0
j  com.mathworks.mde.editor.EditorAction$ObservableAction.actionPerformed(Ljava/awt/event/ActionEvent;)V+38
j  com.mathworks.mwswing.ChildAction.actionPerformed(Ljava/awt/event/ActionEvent;)V+12
j  com.mathworks.toolstrip.factory.TSFactory$ListListenerBridge.listItemSelected(Lcom/mathworks/toolstrip/components/popups/ListActionEvent;)V+79
v  ~StubRoutines::call_stub
j  sun.reflect.NativeMethodAccessorImpl.invoke0(Ljava/lang/reflect/Method;Ljava/lang/Object;[Ljava/lang/Object;)Ljava/lang/Object;+0
j  sun.reflect.NativeMethodAccessorImpl.invoke(Ljava/lang/Object;[Ljava/lang/Object;)Ljava/lang/Object;+87
J  com.mathworks.util.event.EventListenerList$1.invoke(Ljava/lang/Object;Ljava/lang/reflect/Method;[Ljava/lang/Object;)Ljava/lang/Object;
j  $Proxy7.listItemSelected(Lcom/mathworks/toolstrip/components/popups/ListActionEvent;)V+16
j  com.mathworks.toolstrip.plaf.TSListCellRenderer.mouseReleased(Ljava/awt/event/MouseEvent;)V+87
j  java.awt.AWTEventMulticaster.mouseReleased(Ljava/awt/event/MouseEvent;)V+21
j  java.awt.Component.processMouseEvent(Ljava/awt/event/MouseEvent;)V+64
j  javax.swing.JComponent.processMouseEvent(Ljava/awt/event/MouseEvent;)V+23
j  java.awt.Component.processEvent(Ljava/awt/AWTEvent;)V+81
j  java.awt.Container.processEvent(Ljava/awt/AWTEvent;)V+18
j  java.awt.Component.dispatchEventImpl(Ljava/awt/AWTEvent;)V+566
j  java.awt.Container.dispatchEventImpl(Ljava/awt/AWTEvent;)V+42
J  java.awt.LightweightDispatcher.retargetMouseEvent(Ljava/awt/Component;ILjava/awt/event/MouseEvent;)V
j  java.awt.LightweightDispatcher.processMouseEvent(Ljava/awt/event/MouseEvent;)Z+139
j  java.awt.LightweightDispatcher.dispatchEvent(Ljava/awt/AWTEvent;)Z+50
j  java.awt.Container.dispatchEventImpl(Ljava/awt/AWTEvent;)V+12
j  java.awt.Window.dispatchEventImpl(Ljava/awt/AWTEvent;)V+19
j  java.awt.Component.dispatchEvent(Ljava/awt/AWTEvent;)V+2
j  java.awt.EventQueue.dispatchEvent(Ljava/awt/AWTEvent;)V+46
j  java.awt.EventDispatchThread.pumpOneEventForFilters(I)Z+204
j  java.awt.EventDispatchThread.pumpEventsForFilter(ILjava/awt/Conditional;Ljava/awt/EventFilter;)V+30
j  java.awt.EventDispatchThread.pumpEventsForHierarchy(ILjava/awt/Conditional;Ljava/awt/Component;)V+11
j  java.awt.EventDispatchThread.pumpEvents(ILjava/awt/Conditional;)V+4
j  java.awt.EventDispatchThread.pumpEvents(Ljava/awt/Conditional;)V+3
v  ~StubRoutines::call_stub
j  sun.reflect.NativeMethodAccessorImpl.invoke0(Ljava/lang/reflect/Method;Ljava/lang/Object;[Ljava/lang/Object;)Ljava/lang/Object;+0
j  sun.reflect.NativeMethodAccessorImpl.invoke(Ljava/lang/Object;[Ljava/lang/Object;)Ljava/lang/Object;+87
J  sun.reflect.DelegatingMethodAccessorImpl.invoke(Ljava/lang/Object;[Ljava/lang/Object;)Ljava/lang/Object;
j  java.lang.reflect.Method.invoke(Ljava/lang/Object;[Ljava/lang/Object;)Ljava/lang/Object;+161
j  foxtrot.pumps.ConditionalEventPump.pumpEvents(Lfoxtrot/Task;)V+49
j  foxtrot.AbstractSyncWorker.post(Lfoxtrot/Task;Lfoxtrot/WorkerThread;Lfoxtrot/EventPump;)Ljava/lang/Object;+43
j  foxtrot.Worker.post(Lfoxtrot/Task;)Ljava/lang/Object;+10
j  com.mathworks.mwswing.MJFileChooserPerPlatform.createAndStartSynchronousFoxTrotTask(Ljava/lang/Object;Z)V+33
j  com.mathworks.mwswing.MJFileChooserPerPlatform.access$600(Ljava/lang/Object;Z)V+2
j  com.mathworks.mwswing.MJFileChooserPerPlatform$OpenDialogDelegateImpl.showOpenDialog(Lcom/mathworks/mwswing/MJFileChooserPerPlatform;Ljava/awt/Component;)V+22
j  com.mathworks.mwswing.MJFileChooserPerPlatform.showOpenDialog(Ljava/awt/Component;)V+5
j  com.mathworks.mde.desk.MLDesktop.showOpenDialog(Ljava/io/File;Ljava/awt/Component;Ljava/lang/String;Ljava/util/List;)V+48
j  com.mathworks.mde.desk.MLDesktop.showOpenDialog(Ljava/io/File;Ljava/awt/Component;)V+7
j  com.mathworks.mde.editor.EditorGroup.doDesktopOpenFile()V+9
j  com.mathworks.mde.editor.EditorGroup.access$100()V+0
j  com.mathworks.mde.editor.EditorGroup$2.update(Ljava/util/Observable;Ljava/lang/Object;)V+0
j  com.mathworks.mde.editor.EditorAction$ObservableAction.actionPerformed(Ljava/awt/event/ActionEvent;)V+38
j  com.mathworks.mwswing.ChildAction.actionPerformed(Ljava/awt/event/ActionEvent;)V+12
j  javax.swing.SwingUtilities.notifyAction(Ljavax/swing/Action;Ljavax/swing/KeyStroke;Ljava/awt/event/KeyEvent;Ljava/lang/Object;I)Z+132
j  javax.swing.JComponent.processKeyBinding(Ljavax/swing/KeyStroke;Ljava/awt/event/KeyEvent;IZ)Z+72
j  javax.swing.JComponent.processKeyBindings(Ljava/awt/event/KeyEvent;Z)Z+56
j  javax.swing.JComponent.processKeyEvent(Ljava/awt/event/KeyEvent;)V+51
j  com.mathworks.widgets.SyntaxTextPaneBase.processKeyEvent(Ljava/awt/event/KeyEvent;)V+98
j  java.awt.Component.processEvent(Ljava/awt/AWTEvent;)V+121
j  java.awt.Container.processEvent(Ljava/awt/AWTEvent;)V+18
j  java.awt.Component.dispatchEventImpl(Ljava/awt/AWTEvent;)V+566
j  java.awt.Container.dispatchEventImpl(Ljava/awt/AWTEvent;)V+42
j  java.awt.Component.dispatchEvent(Ljava/awt/AWTEvent;)V+2
j  java.awt.KeyboardFocusManager.redispatchEvent(Ljava/awt/Component;Ljava/awt/AWTEvent;)V+7
j  java.awt.DefaultKeyboardFocusManager.dispatchKeyEvent(Ljava/awt/event/KeyEvent;)Z+70
j  java.awt.DefaultKeyboardFocusManager.preDispatchKeyEvent(Ljava/awt/event/KeyEvent;)Z+140
j  java.awt.DefaultKeyboardFocusManager.typeAheadAssertions(Ljava/awt/Component;Ljava/awt/AWTEvent;)Z+175
j  java.awt.DefaultKeyboardFocusManager.dispatchEvent(Ljava/awt/AWTEvent;)Z+1524
j  java.awt.Component.dispatchEventImpl(Ljava/awt/AWTEvent;)V+131
j  java.awt.Container.dispatchEventImpl(Ljava/awt/AWTEvent;)V+42
j  java.awt.Window.dispatchEventImpl(Ljava/awt/AWTEvent;)V+19
j  java.awt.Component.dispatchEvent(Ljava/awt/AWTEvent;)V+2
j  java.awt.EventQueue.dispatchEvent(Ljava/awt/AWTEvent;)V+46
j  java.awt.EventDispatchThread.pumpOneEventForFilters(I)Z+204
J  java.awt.EventDispatchThread.pumpEventsForFilter(ILjava/awt/Conditional;Ljava/awt/EventFilter;)V
j  java.awt.EventDispatchThread.pumpEventsForHierarchy(ILjava/awt/Conditional;Ljava/awt/Component;)V+11
j  java.awt.EventDispatchThread.pumpEvents(ILjava/awt/Conditional;)V+4
j  java.awt.EventDispatchThread.pumpEvents(Ljava/awt/Conditional;)V+3
j  java.awt.EventDispatchThread.run()V+9
v  ~StubRoutines::call_stub

---------------  P R O C E S S  ---------------

Java Threads: ( => current thread )
  0x000000007e30c000 JavaThread "Code Analyzer updating thread" [_thread_blocked, id=16488, stack(0x0000000134f00000,0x0000000138f00000)]
  0x000000007e30b800 JavaThread "Code Analyzer updating thread" [_thread_blocked, id=19448, stack(0x0000000130f00000,0x0000000134f00000)]
  0x000000007e30d800 JavaThread "Code Analyzer updating thread" [_thread_blocked, id=14752, stack(0x000000012cf00000,0x0000000130f00000)]
  0x000000007e30d000 JavaThread "Code Analyzer updating thread" [_thread_blocked, id=12128, stack(0x0000000119ed0000,0x000000011ded0000)]
  0x00000000cc005800 JavaThread "Code Analyzer updating thread" [_thread_blocked, id=2744, stack(0x00000000d8f00000,0x00000000dcf00000)]
  0x00000000cc00a800 JavaThread "Code Analyzer updating thread" [_thread_blocked, id=10736, stack(0x0000000104f00000,0x0000000108f00000)]
  0x00000000cc00e000 JavaThread "Code Analyzer updating thread" [_thread_blocked, id=3912, stack(0x000000010cf00000,0x0000000110f00000)]
  0x00000000cc00d800 JavaThread "Code Analyzer updating thread" [_thread_blocked, id=9448, stack(0x0000000108f00000,0x000000010cf00000)]
  0x00000000cc011000 JavaThread "Foxtrot Single Worker Thread #1" daemon [_thread_blocked, id=9332, stack(0x00000000b7ff0000,0x00000000bbff0000)]
  0x00000000cc003800 JavaThread "Prefs Updater" daemon [_thread_blocked, id=6100, stack(0x0000000093ff0000,0x0000000097ff0000)]
  0x00000000cc012000 JavaThread "Swing-Shell" daemon [_thread_blocked, id=3920, stack(0x00000000d4f00000,0x00000000d8f00000)]
  0x00000000cc010800 JavaThread "Timer-2" daemon [_thread_blocked, id=3760, stack(0x0000000128f00000,0x000000012cf00000)]
  0x00000000cc00f800 JavaThread "com.jniwrapper.NativeResourceCollector" daemon [_thread_blocked, id=5844, stack(0x0000000120f00000,0x0000000124f00000)]
  0x00000000cc00a000 JavaThread "Code Analyzer updating thread" [_thread_blocked, id=9444, stack(0x00000000fcf00000,0x0000000100f00000)]
  0x00000000cc00b800 JavaThread "Code Analyzer updating thread" [_thread_blocked, id=9584, stack(0x00000000f8f00000,0x00000000fcf00000)]
  0x00000000cc00c800 JavaThread "Code Analyzer updating thread" [_thread_blocked, id=1176, stack(0x00000000f4f00000,0x00000000f8f00000)]
  0x00000000cc006000 JavaThread "Code Analyzer updating thread" [_thread_blocked, id=1988, stack(0x00000000f0f00000,0x00000000f4f00000)]
  0x00000000cc009000 JavaThread "Code Analyzer updating thread" [_thread_blocked, id=10016, stack(0x00000000ecf00000,0x00000000f0f00000)]
  0x00000000cc008800 JavaThread "Code Analyzer updating thread" [_thread_blocked, id=1396, stack(0x00000000e8f00000,0x00000000ecf00000)]
  0x00000000cc007800 JavaThread "Active Reference Queue Daemon" daemon [_thread_blocked, id=9560, stack(0x00000000e4f00000,0x00000000e8f00000)]
  0x00000000cc005000 JavaThread "Timer-1" daemon [_thread_blocked, id=9552, stack(0x00000000e0f00000,0x00000000e4f00000)]
  0x00000000cc007000 JavaThread "ClipboardMonitor Timer" daemon [_thread_blocked, id=9500, stack(0x00000000dcf00000,0x00000000e0f00000)]
  0x00000000cc004000 JavaThread "AddressBar directory emptiness poller" daemon [_thread_blocked, id=9376, stack(0x00000000d0f00000,0x00000000d4f00000)]
  0x000000004e501000 JavaThread "Explorer Refresh Service 410175824" daemon [_thread_blocked, id=9372, stack(0x00000000ccf00000,0x00000000d0f00000)]
  0x000000004e503000 JavaThread "Thread-4" daemon [_thread_blocked, id=7084, stack(0x00000000c7f30000,0x00000000cbf30000)]
  0x000000004e503800 JavaThread "TimerQueue" daemon [_thread_blocked, id=7416, stack(0x00000000bbff0000,0x00000000bfff0000)]
  0x000000004e501800 JavaThread "Thread-3" daemon [_thread_blocked, id=1372, stack(0x00000000a7ff0000,0x00000000abff0000)]
=>0x000000004e4fe800 JavaThread "AWT-EventQueue-0" [_thread_in_native, id=1948, stack(0x00000000a3ff0000,0x00000000a7ff0000)]
  0x000000004e4fd000 JavaThread "AWT-Shutdown" [_thread_blocked, id=1944, stack(0x000000008bff0000,0x000000008fff0000)]
  0x000000004e500000 JavaThread "FelixPackageAdmin" daemon [_thread_blocked, id=1632, stack(0x00000000b3ff0000,0x00000000b7ff0000)]
  0x000000004e4fc800 JavaThread "FelixStartLevel" daemon [_thread_blocked, id=1908, stack(0x00000000afff0000,0x00000000b3ff0000)]
  0x000000004e4fe000 JavaThread "FelixDispatchQueue" daemon [_thread_blocked, id=1392, stack(0x00000000abff0000,0x00000000afff0000)]
  0x0000000076a6a000 JavaThread "com.google.common.base.internal.Finalizer" daemon [_thread_blocked, id=1432, stack(0x0000000097ff0000,0x000000009bff0000)]
  0x0000000076a67000 JavaThread "AWT-Windows" daemon [_thread_in_native, id=476, stack(0x000000008fff0000,0x0000000093ff0000)]
  0x0000000076a65800 JavaThread "Java2D Disposer" daemon [_thread_blocked, id=860, stack(0x0000000087ff0000,0x000000008bff0000)]
  0x0000000076583000 JavaThread "Timer-0" [_thread_blocked, id=956, stack(0x0000000083ff0000,0x0000000087ff0000)]
  0x00000000764f6800 JavaThread "EventMgr Dispatcher" daemon [_thread_in_native, id=10216, stack(0x000000007fff0000,0x0000000083ff0000)]
  0x000000004e507800 JavaThread "Low Memory Detector" daemon [_thread_blocked, id=5748, stack(0x000000006a070000,0x000000006e070000)]
  0x000000004e4ff800 JavaThread "CompilerThread1" daemon [_thread_blocked, id=10208, stack(0x0000000062640000,0x0000000066640000)]
  0x000000004e4f5800 JavaThread "CompilerThread0" daemon [_thread_blocked, id=10204, stack(0x000000005e640000,0x0000000062640000)]
  0x000000004e4f4800 JavaThread "Attach Listener" daemon [_thread_blocked, id=8080, stack(0x000000005a640000,0x000000005e640000)]
  0x000000004e4c4000 JavaThread "Finalizer" daemon [_thread_blocked, id=8108, stack(0x0000000056640000,0x000000005a640000)]
  0x0000000008e8d800 JavaThread "Reference Handler" daemon [_thread_blocked, id=268, stack(0x0000000052640000,0x0000000056640000)]
  0x0000000008db6000 JavaThread "main" [_thread_in_native, id=6752, stack(0x0000000000040000,0x0000000004040000)]

Other Threads:
  0x000000004e4c1800 VMThread [stack: 0x000000004e640000,0x0000000052640000] [id=264]
  0x000000004e541000 WatcherThread [stack: 0x000000006e070000,0x0000000072070000] [id=8392]

VM state:not at safepoint (normal execution)

VM Mutex/Monitor currently owned by a thread: None

Heap
 PSYoungGen      total 32256K, used 7140K [0x000000003b340000, 0x000000003d560000, 0x000000003e440000)
  eden space 30208K, 20% used [0x000000003b340000,0x000000003b96db58,0x000000003d0c0000)
  from space 2048K, 39% used [0x000000003d360000,0x000000003d42b638,0x000000003d560000)
  to   space 2368K, 0% used [0x000000003d0c0000,0x000000003d0c0000,0x000000003d310000)
 PSOldGen        total 150528K, used 138486K [0x0000000032040000, 0x000000003b340000, 0x000000003b340000)
  object space 150528K, 92% used [0x0000000032040000,0x000000003a77d988,0x000000003b340000)
 PSPermGen       total 97920K, used 77539K [0x000000002a040000, 0x000000002ffe0000, 0x0000000032040000)
  object space 97920K, 79% used [0x000000002a040000,0x000000002ebf8da8,0x000000002ffe0000)

Dynamic libraries:
0x0000000140000000 - 0x0000000140028000 	C:\Program Files\MATLAB\R2013a\bin\win64\MATLAB.exe
0x00007ffae3600000 - 0x00007ffae37a6000 	C:\WINDOWS\SYSTEM32\ntdll.dll
0x00007ffae34b0000 - 0x00007ffae35ea000 	C:\WINDOWS\system32\KERNEL32.DLL
0x00007ffae0a20000 - 0x00007ffae0b2f000 	C:\WINDOWS\system32\KERNELBASE.dll
0x0000000074460000 - 0x0000000074515000 	C:\Program Files\MATLAB\R2013a\bin\win64\libut.dll
0x0000000073f70000 - 0x0000000074112000 	C:\Program Files\MATLAB\R2013a\bin\win64\libmwfl.dll
0x0000000180000000 - 0x000000018032f000 	C:\Program Files\MATLAB\R2013a\bin\win64\libmwservices.dll
0x0000000074970000 - 0x0000000074a18000 	C:\Program Files\MATLAB\R2013a\bin\win64\mcr.dll
0x00000000041f0000 - 0x0000000004346000 	C:\Program Files\MATLAB\R2013a\bin\win64\mvm.dll
0x0000000069220000 - 0x00000000692b8000 	C:\Program Files\MATLAB\R2013a\bin\win64\MSVCP100.dll
0x0000000069140000 - 0x0000000069212000 	C:\Program Files\MATLAB\R2013a\bin\win64\MSVCR100.dll
0x00000000758a0000 - 0x000000007595f000 	C:\Program Files\MATLAB\R2013a\bin\win64\libmwi18n.dll
0x0000000004370000 - 0x0000000004391000 	C:\Program Files\MATLAB\R2013a\bin\win64\libmwmfl_scalar.dll
0x0000000069050000 - 0x0000000069059000 	C:\Program Files\MATLAB\R2013a\bin\win64\boost_system-vc100-mt-1_49.dll
0x0000000069030000 - 0x0000000069041000 	C:\Program Files\MATLAB\R2013a\bin\win64\boost_thread-vc100-mt-1_49.dll
0x00007ffac1da0000 - 0x00007ffac1e2c000 	C:\Program Files\MATLAB\R2013a\bin\win64\boost_log-vc100-mt-1_49.dll
0x0000000068ef0000 - 0x000000006902e000 	C:\Program Files\MATLAB\R2013a\bin\win64\icuuc49.dll
0x0000000068ee0000 - 0x0000000068ef0000 	C:\Program Files\MATLAB\R2013a\bin\win64\icuio49.dll
0x00007ffac8ed0000 - 0x00007ffac8f03000 	C:\Program Files\MATLAB\R2013a\bin\win64\tbb.dll
0x00007ffae27d0000 - 0x00007ffae27d7000 	C:\WINDOWS\system32\PSAPI.DLL
0x00007ffacd380000 - 0x00007ffacd508000 	C:\WINDOWS\SYSTEM32\dbghelp.dll
0x00007ffae3130000 - 0x00007ffae31d5000 	C:\WINDOWS\system32\ADVAPI32.dll
0x00007ffae2f10000 - 0x00007ffae3081000 	C:\WINDOWS\system32\USER32.dll
0x0000000000020000 - 0x000000000002d000 	C:\Program Files\MATLAB\R2013a\bin\win64\libmwresource_core.dll
0x000000007a350000 - 0x000000007a737000 	C:\Program Files\MATLAB\R2013a\bin\win64\libmwMATLAB_res.dll
0x0000000068ed0000 - 0x0000000068ede000 	C:\Program Files\MATLAB\R2013a\bin\win64\boost_date_time-vc100-mt-1_49.dll
0x0000000068ea0000 - 0x0000000068ecc000 	C:\Program Files\MATLAB\R2013a\bin\win64\boost_filesystem-vc100-mt-1_49.dll
0x0000000068dc0000 - 0x0000000068e9f000 	C:\Program Files\MATLAB\R2013a\bin\win64\boost_regex-vc100-mt-1_49.dll
0x0000000068da0000 - 0x0000000068db1000 	C:\Program Files\MATLAB\R2013a\bin\win64\boost_signals-vc100-mt-1_49.dll
0x00007ffae0f10000 - 0x00007ffae0f25000 	C:\WINDOWS\system32\imagehlp.dll
0x00007ffadffe0000 - 0x00007ffae0025000 	C:\WINDOWS\SYSTEM32\POWRPROF.dll
0x0000000075a20000 - 0x0000000075b0b000 	C:\Program Files\MATLAB\R2013a\bin\win64\libmx.dll
0x00000000043a0000 - 0x00000000043ee000 	C:\Program Files\MATLAB\R2013a\bin\win64\libmwregexp.dll
0x0000000075f10000 - 0x0000000075f57000 	C:\Program Files\MATLAB\R2013a\bin\win64\mpath.dll
0x000000007b680000 - 0x000000007bc66000 	C:\Program Files\MATLAB\R2013a\bin\win64\mlutil.dll
0x00000000043f0000 - 0x0000000004412000 	C:\Program Files\MATLAB\R2013a\bin\win64\libmwMATLAB_settings_res.dll
0x0000000004420000 - 0x0000000004426000 	C:\Program Files\MATLAB\R2013a\bin\win64\libmwnativedisplay.dll
0x00007ffaceff0000 - 0x00007ffacf000000 	C:\Program Files\MATLAB\R2013a\bin\win64\boost_iostreams-vc100-mt-1_49.dll
0x00007ffac1d50000 - 0x00007ffac1d96000 	C:\Program Files\MATLAB\R2013a\bin\win64\boost_serialization-vc100-mt-1_49.dll
0x00007ffae0bd0000 - 0x00007ffae0c71000 	C:\WINDOWS\WinSxS\amd64_microsoft.windows.common-controls_6595b64144ccf1df_5.82.9600.16384_none_34a8918f959016ea\COMCTL32.dll
0x00007ffae3090000 - 0x00007ffae312e000 	C:\WINDOWS\system32\COMDLG32.dll
0x00007ffadf930000 - 0x00007ffadf945000 	C:\WINDOWS\SYSTEM32\NETAPI32.dll
0x00007ffae3450000 - 0x00007ffae34a8000 	C:\WINDOWS\system32\WS2_32.dll
0x0000000068140000 - 0x0000000068381000 	C:\Program Files\MATLAB\R2013a\bin\win64\xerces-c_2_7.dll
0x00007ffae13c0000 - 0x00007ffae27cf000 	C:\WINDOWS\system32\SHELL32.dll
0x00007ffae2840000 - 0x00007ffae29b8000 	C:\WINDOWS\system32\ole32.dll
0x00007ffae3240000 - 0x00007ffae3301000 	C:\WINDOWS\system32\OLEAUT32.dll
0x0000000075000000 - 0x00000000753b1000 	C:\Program Files\MATLAB\R2013a\bin\win64\iqm.dll
0x0000000079fb0000 - 0x0000000079fdf000 	C:\Program Files\MATLAB\R2013a\bin\win64\libmwbridge.dll
0x0000000004430000 - 0x0000000004454000 	C:\Program Files\MATLAB\R2013a\bin\win64\libmex.dll
0x0000000074e80000 - 0x0000000074f30000 	C:\Program Files\MATLAB\R2013a\bin\win64\m_dispatcher.dll
0x000000007b0a0000 - 0x000000007b2f6000 	C:\Program Files\MATLAB\R2013a\bin\win64\mcos.dll
0x0000000073cc0000 - 0x0000000073e0e000 	C:\Program Files\MATLAB\R2013a\bin\win64\libmwgui.dll
0x0000000004460000 - 0x0000000004da3000 	C:\Program Files\MATLAB\R2013a\bin\win64\hg.dll
0x0000000004db0000 - 0x0000000004e9b000 	C:\Program Files\MATLAB\R2013a\bin\win64\hgutils.dll
0x0000000004ea0000 - 0x00000000056a8000 	C:\Program Files\MATLAB\R2013a\bin\win64\m_interpreter.dll
0x0000000075710000 - 0x00000000757d8000 	C:\Program Files\MATLAB\R2013a\bin\win64\jmi.dll
0x00000000056b0000 - 0x000000000575e000 	C:\Program Files\MATLAB\R2013a\bin\win64\udd_mi.dll
0x0000000005760000 - 0x0000000005a2e000 	C:\Program Files\MATLAB\R2013a\bin\win64\uiw.dll
0x000000007a1f0000 - 0x000000007a20d000 	C:\Program Files\MATLAB\R2013a\bin\win64\mwoles05.DLL
0x0000000005a30000 - 0x0000000005a9c000 	C:\Program Files\MATLAB\R2013a\bin\win64\comcli.dll
0x0000000005aa0000 - 0x0000000005aac000 	C:\Program Files\MATLAB\R2013a\bin\win64\mlautoregister.dll
0x00007ffae2aa0000 - 0x00007ffae2be4000 	C:\WINDOWS\system32\GDI32.dll
0x0000000068d70000 - 0x0000000068d95000 	C:\Program Files\MATLAB\R2013a\bin\win64\LIBEXPAT.dll
0x0000000067fb0000 - 0x000000006813a000 	C:\Program Files\MATLAB\R2013a\bin\win64\icuin49.dll
0x0000000066e80000 - 0x0000000067fa2000 	C:\Program Files\MATLAB\R2013a\bin\win64\icudt49.dll
0x00007ffae1310000 - 0x00007ffae13b7000 	C:\WINDOWS\system32\msvcrt.dll
0x00007ffae29e0000 - 0x00007ffae2a37000 	C:\WINDOWS\SYSTEM32\sechost.dll
0x00007ffae2dd0000 - 0x00007ffae2f07000 	C:\WINDOWS\system32\RPCRT4.dll
0x00007ffac8fa0000 - 0x00007ffac8fc8000 	C:\Program Files\MATLAB\R2013a\bin\win64\tbbmalloc.dll
0x0000000068d50000 - 0x0000000068d67000 	C:\Program Files\MATLAB\R2013a\bin\win64\zlib1.dll
0x00000000754d0000 - 0x0000000075547000 	C:\Program Files\MATLAB\R2013a\bin\win64\xmlcore.dll
0x00007ffae12b0000 - 0x00007ffae1301000 	C:\WINDOWS\system32\SHLWAPI.dll
0x00007ffadf910000 - 0x00007ffadf91c000 	C:\WINDOWS\SYSTEM32\netutils.dll
0x00007ffae0620000 - 0x00007ffae0645000 	C:\WINDOWS\SYSTEM32\srvcli.dll
0x00007ffadf8f0000 - 0x00007ffadf906000 	C:\WINDOWS\SYSTEM32\wkscli.dll
0x00007ffae3230000 - 0x00007ffae3239000 	C:\WINDOWS\system32\NSI.dll
0x00007ffae0f30000 - 0x00007ffae1106000 	C:\WINDOWS\SYSTEM32\combase.dll
0x0000000074f40000 - 0x0000000074ff6000 	C:\Program Files\MATLAB\R2013a\bin\win64\udd.dll
0x0000000005ae0000 - 0x0000000005b04000 	C:\Program Files\MATLAB\R2013a\bin\win64\graphics_util.dll
0x0000000076100000 - 0x000000007615a000 	C:\Program Files\MATLAB\R2013a\bin\win64\libmat.dll
0x00000000761c0000 - 0x0000000076200000 	C:\Program Files\MATLAB\R2013a\bin\win64\libmwhardcopy.dll
0x0000000075c70000 - 0x0000000075cce000 	C:\Program Files\MATLAB\R2013a\bin\win64\libuij.dll
0x0000000072f50000 - 0x000000007318f000 	C:\Program Files\MATLAB\R2013a\bin\win64\hgdatatypes.dll
0x0000000075820000 - 0x000000007589e000 	C:\Program Files\MATLAB\R2013a\bin\win64\libmwlapack.dll
0x0000000005b10000 - 0x0000000005b46000 	C:\Program Files\MATLAB\R2013a\bin\win64\libmwgbtutils.dll
0x0000000005b50000 - 0x0000000005b64000 	C:\Program Files\MATLAB\R2013a\bin\win64\libmwgbt.dll
0x0000000066920000 - 0x0000000066e7d000 	C:\Program Files\MATLAB\R2013a\bin\win64\mfc100.dll
0x00007ffadc1e0000 - 0x00007ffadc25b000 	C:\WINDOWS\SYSTEM32\WINSPOOL.DRV
0x0000000075430000 - 0x00000000754ab000 	C:\Program Files\MATLAB\R2013a\bin\win64\profiler.dll
0x0000000005b70000 - 0x0000000005df3000 	C:\Program Files\MATLAB\R2013a\bin\win64\libmwmathutil.dll
0x0000000079f40000 - 0x0000000079f66000 	C:\Program Files\MATLAB\R2013a\bin\win64\libmwmathrng.dll
0x000000007a1b0000 - 0x000000007a1d0000 	C:\Program Files\MATLAB\R2013a\bin\win64\m_pcodeio.dll
0x0000000079b10000 - 0x0000000079b6c000 	C:\Program Files\MATLAB\R2013a\bin\win64\m_ir.dll
0x0000000078ed0000 - 0x0000000079579000 	C:\Program Files\MATLAB\R2013a\bin\win64\m_parser.dll
0x000000007a130000 - 0x000000007a158000 	C:\Program Files\MATLAB\R2013a\bin\win64\m_pcodegen.dll
0x0000000005e00000 - 0x0000000005e63000 	C:\Program Files\MATLAB\R2013a\bin\win64\libmwspmatrix.dll
0x0000000005e70000 - 0x0000000005e7e000 	C:\Program Files\MATLAB\R2013a\bin\win64\nativejava_services.dll
0x0000000005e80000 - 0x0000000005e89000 	C:\Program Files\MATLAB\R2013a\bin\win64\uinone.dll
0x0000000005e90000 - 0x0000000005eb6000 	C:\Program Files\MATLAB\R2013a\bin\win64\libmwnativefiledialogs.dll
0x00007ffad67e0000 - 0x00007ffad67fb000 	C:\WINDOWS\SYSTEM32\MPR.dll
0x0000000068d20000 - 0x0000000068d4b000 	C:\Program Files\MATLAB\R2013a\bin\win64\ATL100.DLL
0x00007ffac1c90000 - 0x00007ffac1d48000 	C:\Program Files\MATLAB\R2013a\bin\win64\libtex_base.dll
0x0000000072d30000 - 0x0000000072f38000 	C:\Program Files\MATLAB\R2013a\bin\win64\hdf5dll.dll
0x000000007a310000 - 0x000000007a325000 	C:\Program Files\MATLAB\R2013a\bin\win64\libmwbinder.dll
0x0000000005ee0000 - 0x0000000005eeb000 	C:\Program Files\MATLAB\R2013a\bin\win64\libmwompwrapper.dll
0x00007ffadcd70000 - 0x00007ffadcd77000 	C:\WINDOWS\SYSTEM32\MSIMG32.dll
0x0000000005ef0000 - 0x0000000005f00000 	C:\Program Files\MATLAB\R2013a\bin\win64\libmwmfl_rng.dll
0x0000000074c10000 - 0x0000000074cf8000 	C:\Program Files\MATLAB\R2013a\bin\win64\libmwmathcore.dll
0x000000007a2f0000 - 0x000000007a307000 	C:\Program Files\MATLAB\R2013a\bin\win64\ir_xfmr.dll
0x0000000005f00000 - 0x0000000005f10000 	C:\Program Files\MATLAB\R2013a\bin\win64\mtok.dll
0x0000000005f10000 - 0x0000000005f1c000 	C:\Program Files\MATLAB\R2013a\bin\win64\libmwplatform_res.dll
0x00007ffade7f0000 - 0x00007ffade88f000 	C:\WINDOWS\SYSTEM32\SHCORE.DLL
0x0000000075ea0000 - 0x0000000075f02000 	C:\Program Files\MATLAB\R2013a\bin\win64\libmwcholmod.dll
0x0000000005f40000 - 0x0000000005f4d000 	C:\Program Files\MATLAB\R2013a\bin\win64\libmwamd.dll
0x0000000005f50000 - 0x0000000005f5c000 	C:\Program Files\MATLAB\R2013a\bin\win64\libmwcolamd.dll
0x000000007a290000 - 0x000000007a2a3000 	C:\Program Files\MATLAB\R2013a\bin\win64\libmwblas.dll
0x0000000068930000 - 0x00000000689d3000 	C:\WINDOWS\WinSxS\amd64_microsoft.vc90.crt_1fc8b3b9a1e18e3b_9.0.30729.8387_none_08e793bfa83a89b5\MSVCR90.dll
0x00007ffae31f0000 - 0x00007ffae3224000 	C:\WINDOWS\system32\IMM32.DLL
0x00007ffae3310000 - 0x00007ffae3449000 	C:\WINDOWS\system32\MSCTF.dll
0x000000006a030000 - 0x000000006a068000 	C:\PROGRA~2\Sophos\SOPHOS~1\SOPHOS~2.DLL
0x00007ffadf0c0000 - 0x00007ffadf1e1000 	C:\WINDOWS\SYSTEM32\UxTheme.dll
0x00007ffade620000 - 0x00007ffade640000 	C:\WINDOWS\system32\dwmapi.dll
0x0000000068d10000 - 0x0000000068d1d000 	C:\Program Files\MATLAB\R2013a\bin\win64\MFC100ENU.DLL
0x0000000007920000 - 0x000000000796e000 	C:\Program Files\MATLAB\R2013a\bin\win64\MVMLocal.dll
0x00007ffae0950000 - 0x00007ffae0964000 	C:\WINDOWS\SYSTEM32\profapi.dll
0x0000000007900000 - 0x000000000790d000 	C:\Program Files\MATLAB\R2013a\bin\win64\xmlxrcsc.dll
0x00007ffadf2b0000 - 0x00007ffadf2ba000 	C:\WINDOWS\SYSTEM32\kernel.appcore.dll

VM Arguments:
jvm_args: -XX:PermSize=32m -Xms64m -XX:NewRatio=3 -XX:MaxPermSize=128m -Xmx196m -XX:MaxDirectMemorySize=2147400000 -Dsun.java2d.noddraw=true -Dsun.awt.nopixfmt=true -Xshare:off -Xrs -Dsun.awt.disableMixing=true -Djava.library.path=C:\Program Files\MATLAB\R2013a\bin\win64;C:\Program Files\MATLAB\R2013a\sys\jxbrowser\win64\lib vfprintf abort 
java_command: <unknown>
Launcher Type: generic

Environment Variables:
JAVA_HOME=C:\Program Files\Java\jdk1.8.0
USERNAME=Sydney Do
OS=Windows_NT
PROCESSOR_IDENTIFIER=Intel64 Family 6 Model 58 Stepping 9, GenuineIntel



---------------  S Y S T E M  ---------------

OS: Windows NT 6.2 Build 9200 

CPU:total 4 (8 cores per cpu, 2 threads per core) family 6 model 58 stepping 9, cmov, cx8, fxsr, mmx, sse, sse2, sse3, ssse3, sse4.1, sse4.2, ht

Memory: 4k page, physical 8077096k(2246912k free), swap 16203560k(8854540k free)

vm_info: Java HotSpot(TM) 64-Bit Server VM (14.3-b01) for windows-amd64 JRE (1.6.0_17-b04), built on Oct 11 2009 00:46:08 by "java_re" with MS VC++ 8.0

time: Tue Dec 23 01:21:44 2014
elapsed time: 60890 seconds

