#
# A fatal error has been detected by the Java Runtime Environment:
#
#  EXCEPTION_ACCESS_VIOLATION (0xc0000005) at pc=0x00000000263dc750, pid=9616, tid=956
#
# JRE version: 6.0_17-b04
# Java VM: Java HotSpot(TM) 64-Bit Server VM (14.3-b01 mixed mode windows-amd64 )
# Problematic frame:
# C  0x00000000263dc750
#
# If you would like to submit a bug report, please visit:
#   http://java.sun.com/webapps/bugreport/crash.jsp
# The crash happened outside the Java Virtual Machine in native code.
# See problematic frame for where to report the bug.
#

---------------  T H R E A D  ---------------

Current thread (0x0000000070170000):  JavaThread "AWT-EventQueue-0" [_thread_in_native, id=956, stack(0x000000009bff0000,0x000000009fff0000)]

siginfo: ExceptionCode=0xc0000005, reading address 0x0000000000000008

Registers:
EAX=0x000000000000000d, EBX=0x00000000701701b8, ECX=0x0000000000000000, EDX=0xffffffffa7011bee
ESP=0x000000009ffee588, EBP=0x0000000070c25710, ESI=0x00000000701701b8, EDI=0x000000007115b620
EIP=0x00000000263dc750, EFLAGS=0x0000000000010202

Top of Stack: (sp=0x000000009ffee588)
0x000000009ffee588:   000000002638589c 00000000701701b8
0x000000009ffee598:   0000000070c25710 00000000701701b8
0x000000009ffee5a8:   000000007115b620 0000000000000014
0x000000009ffee5b8:   00000000701701b8 000000009ffedae0
0x000000009ffee5c8:   0000000026363810 00000000701701b8
0x000000009ffee5d8:   000000009ffeeca8 000000009ffeed20
0x000000009ffee5e8:   0000000070c25710 000000003e509718
0x000000009ffee5f8:   0000000026382151 0000000000000064
0x000000009ffee608:   000000009ffeed18 000000003e3c1e88
0x000000009ffee618:   000000009ffeed20 0000000000000000
0x000000009ffee628:   000000002869cdc4 0000000000000000
0x000000009ffee638:   000000003e509718 0000000000000556
0x000000009ffee648:   000000002869cdf0 0000000000000005
0x000000009ffee658:   0000000000000003 000000009ffee6d0
0x000000009ffee668:   0000000027f05ac2 000000003e509718
0x000000009ffee678:   0000000034ccf518 0000000000000000 

Instructions: (pc=0x00000000263dc750)
0x00000000263dc740:   48 8b 41 08 48 8b 80 18 0c 00 00 c3 cc cc cc cc
0x00000000263dc750:   48 8b 49 08 48 85 c9 74 05 e9 72 f6 fd ff 33 c0 


Stack: [0x000000009bff0000,0x000000009fff0000],  sp=0x000000009ffee588,  free space=65529k
Native frames: (J=compiled Java code, j=interpreted, Vv=VM code, C=native code)
C  0x00000000263dc750

Java frames: (J=compiled Java code, j=interpreted, Vv=VM code)
j  sun.java2d.windows.GDIBlitLoops.nativeBlit(Lsun/java2d/SurfaceData;Lsun/java2d/SurfaceData;Lsun/java2d/pipe/Region;IIIIIIIIIZ)V+0
j  sun.java2d.windows.GDIBlitLoops.Blit(Lsun/java2d/SurfaceData;Lsun/java2d/SurfaceData;Ljava/awt/Composite;Lsun/java2d/pipe/Region;IIIIII)V+33
J  sun.java2d.pipe.DrawImage.copyImage(Lsun/java2d/SunGraphics2D;Ljava/awt/Image;IILjava/awt/Color;Ljava/awt/image/ImageObserver;)Z
J  sun.java2d.SunGraphics2D.drawImage(Ljava/awt/Image;IILjava/awt/Color;Ljava/awt/image/ImageObserver;)Z
J  javax.swing.RepaintManager$PaintManager.paintDoubleBuffered(Ljavax/swing/JComponent;Ljava/awt/Image;Ljava/awt/Graphics;IIII)V
j  javax.swing.RepaintManager$PaintManager.paint(Ljavax/swing/JComponent;Ljavax/swing/JComponent;Ljava/awt/Graphics;IIII)Z+116
j  javax.swing.RepaintManager.paint(Ljavax/swing/JComponent;Ljavax/swing/JComponent;Ljava/awt/Graphics;IIII)V+52
J  javax.swing.JComponent.paint(Ljava/awt/Graphics;)V
j  java.awt.GraphicsCallback$PaintCallback.run(Ljava/awt/Component;Ljava/awt/Graphics;)V+2
j  sun.awt.SunGraphicsCallback.runOneComponent(Ljava/awt/Component;Ljava/awt/Rectangle;Ljava/awt/Graphics;Ljava/awt/Shape;I)V+155
j  sun.awt.SunGraphicsCallback.runComponents([Ljava/awt/Component;Ljava/awt/Graphics;I)V+104
j  java.awt.Container.paint(Ljava/awt/Graphics;)V+73
J  javax.swing.RepaintManager.paintDirtyRegions(Ljava/util/Map;)V
j  javax.swing.RepaintManager.paintDirtyRegions()V+46
j  javax.swing.RepaintManager.seqPaintDirtyRegions()V+73
j  javax.swing.SystemEventQueueUtilities$ComponentWorkRequest.run()V+36
j  java.awt.event.InvocationEvent.dispatch()V+47
j  java.awt.EventQueue.dispatchEvent(Ljava/awt/AWTEvent;)V+26
j  java.awt.EventDispatchThread.pumpOneEventForFilters(I)Z+204
J  java.awt.EventDispatchThread.pumpEventsForFilter(ILjava/awt/Conditional;Ljava/awt/EventFilter;)V
j  java.awt.EventDispatchThread.pumpEventsForHierarchy(ILjava/awt/Conditional;Ljava/awt/Component;)V+11
j  java.awt.EventDispatchThread.pumpEvents(ILjava/awt/Conditional;)V+4
j  java.awt.EventDispatchThread.pumpEvents(Ljava/awt/Conditional;)V+3
j  java.awt.EventDispatchThread.run()V+9
v  ~StubRoutines::call_stub

---------------  P R O C E S S  ---------------

Java Threads: ( => current thread )
  0x000000007031c800 JavaThread "FileDecorationCache request queue" daemon [_thread_blocked, id=8636, stack(0x0000000158030000,0x000000015c030000)]
  0x0000000070318000 JavaThread "Image Fetcher 0" daemon [_thread_blocked, id=11176, stack(0x000000014c030000,0x0000000150030000)]
  0x0000000070316000 JavaThread "Code Analyzer updating thread" [_thread_blocked, id=5016, stack(0x0000000126c60000,0x000000012ac60000)]
  0x0000000070319800 JavaThread "Code Analyzer updating thread" [_thread_blocked, id=3380, stack(0x0000000115c90000,0x0000000119c90000)]
  0x0000000070319000 JavaThread "Swing-Shell" daemon [_thread_blocked, id=5668, stack(0x0000000119c90000,0x000000011dc90000)]
  0x0000000070314800 JavaThread "Prefs Updater" daemon [_thread_blocked, id=6708, stack(0x00000000bfff0000,0x00000000c3ff0000)]
  0x0000000070317800 JavaThread "Code Analyzer updating thread" [_thread_blocked, id=2904, stack(0x00000000b7ff0000,0x00000000bbff0000)]
  0x0000000070316800 JavaThread "Timer-2" daemon [_thread_blocked, id=6660, stack(0x00000000bbff0000,0x00000000bfff0000)]
  0x0000000070311800 JavaThread "com.jniwrapper.NativeResourceCollector" daemon [_thread_blocked, id=7892, stack(0x0000000093ff0000,0x0000000097ff0000)]
  0x0000000070314000 JavaThread "Code Analyzer updating thread" [_thread_blocked, id=3628, stack(0x000000010dc90000,0x0000000111c90000)]
  0x0000000070313000 JavaThread "Code Analyzer updating thread" [_thread_blocked, id=5396, stack(0x0000000109c90000,0x000000010dc90000)]
  0x000000007030f800 JavaThread "Code Analyzer updating thread" [_thread_blocked, id=8344, stack(0x0000000105c90000,0x0000000109c90000)]
  0x0000000070310000 JavaThread "Code Analyzer updating thread" [_thread_blocked, id=5756, stack(0x0000000101c90000,0x0000000105c90000)]
  0x0000000070312800 JavaThread "Code Analyzer updating thread" [_thread_blocked, id=7940, stack(0x00000000fdc90000,0x0000000101c90000)]
  0x0000000070012000 JavaThread "Code Analyzer updating thread" [_thread_blocked, id=7516, stack(0x00000000f9c90000,0x00000000fdc90000)]
  0x0000000070011800 JavaThread "Code Analyzer updating thread" [_thread_blocked, id=3288, stack(0x00000000f5c90000,0x00000000f9c90000)]
  0x0000000070013800 JavaThread "Code Analyzer updating thread" [_thread_blocked, id=7248, stack(0x00000000f1c90000,0x00000000f5c90000)]
  0x0000000070010000 JavaThread "Code Analyzer updating thread" [_thread_blocked, id=520, stack(0x00000000edc90000,0x00000000f1c90000)]
  0x0000000070013000 JavaThread "Code Analyzer updating thread" [_thread_blocked, id=1064, stack(0x00000000e9c90000,0x00000000edc90000)]
  0x000000007000c800 JavaThread "Active Reference Queue Daemon" daemon [_thread_blocked, id=6136, stack(0x00000000e5c90000,0x00000000e9c90000)]
  0x000000007000f000 JavaThread "Timer-1" daemon [_thread_blocked, id=7724, stack(0x00000000e1c90000,0x00000000e5c90000)]
  0x000000007000d800 JavaThread "ClipboardMonitor Timer" daemon [_thread_blocked, id=7628, stack(0x00000000ddc90000,0x00000000e1c90000)]
  0x000000007000e800 JavaThread "Explorer NavigationContext request queue" daemon [_thread_blocked, id=2236, stack(0x00000000d9c90000,0x00000000ddc90000)]
  0x0000000070171800 JavaThread "AddressBar directory emptiness poller" daemon [_thread_blocked, id=7712, stack(0x00000000d0f00000,0x00000000d4f00000)]
  0x0000000070174800 JavaThread "Explorer Refresh Service 1991087660" daemon [_thread_blocked, id=1496, stack(0x00000000ccf00000,0x00000000d0f00000)]
  0x0000000070170800 JavaThread "Thread-4" daemon [_thread_blocked, id=4532, stack(0x00000000c7f30000,0x00000000cbf30000)]
  0x000000007016d000 JavaThread "TimerQueue" daemon [_thread_blocked, id=4232, stack(0x00000000b3ff0000,0x00000000b7ff0000)]
  0x000000007016f800 JavaThread "Thread-3" daemon [_thread_blocked, id=6980, stack(0x000000009fff0000,0x00000000a3ff0000)]
=>0x0000000070170000 JavaThread "AWT-EventQueue-0" [_thread_in_native, id=956, stack(0x000000009bff0000,0x000000009fff0000)]
  0x000000007016e000 JavaThread "AWT-Shutdown" [_thread_blocked, id=6856, stack(0x000000008bff0000,0x000000008fff0000)]
  0x000000007016e800 JavaThread "FelixPackageAdmin" daemon [_thread_blocked, id=2004, stack(0x00000000abff0000,0x00000000afff0000)]
  0x000000006fdec000 JavaThread "FelixStartLevel" daemon [_thread_blocked, id=5128, stack(0x00000000a7ff0000,0x00000000abff0000)]
  0x000000006fdeb800 JavaThread "FelixDispatchQueue" daemon [_thread_blocked, id=6068, stack(0x00000000a3ff0000,0x00000000a7ff0000)]
  0x00000000265bb800 JavaThread "com.google.common.base.internal.Finalizer" daemon [_thread_blocked, id=8712, stack(0x0000000097ff0000,0x000000009bff0000)]
  0x00000000264de000 JavaThread "AWT-Windows" daemon [_thread_in_native, id=6840, stack(0x000000008fff0000,0x0000000093ff0000)]
  0x000000000951a000 JavaThread "Java2D Disposer" daemon [_thread_blocked, id=2760, stack(0x0000000087ff0000,0x000000008bff0000)]
  0x000000006f877800 JavaThread "Timer-0" [_thread_blocked, id=2268, stack(0x0000000083ff0000,0x0000000087ff0000)]
  0x000000006f7b8000 JavaThread "EventMgr Dispatcher" daemon [_thread_in_native, id=6900, stack(0x000000007fff0000,0x0000000083ff0000)]
  0x00000000094e4800 JavaThread "Low Memory Detector" daemon [_thread_blocked, id=1524, stack(0x000000006b580000,0x000000006f580000)]
  0x00000000094df800 JavaThread "CompilerThread1" daemon [_thread_blocked, id=6404, stack(0x0000000067580000,0x000000006b580000)]
  0x00000000094df000 JavaThread "CompilerThread0" daemon [_thread_blocked, id=3116, stack(0x0000000063580000,0x0000000067580000)]
  0x00000000094de800 JavaThread "Attach Listener" daemon [_thread_blocked, id=3056, stack(0x000000005f580000,0x0000000063580000)]
  0x0000000011ef4000 JavaThread "Finalizer" daemon [_thread_blocked, id=6316, stack(0x000000005b580000,0x000000005f580000)]
  0x0000000011eed000 JavaThread "Reference Handler" daemon [_thread_blocked, id=9436, stack(0x0000000057580000,0x000000005b580000)]
  0x0000000011e16000 JavaThread "main" [_thread_in_native, id=9624, stack(0x0000000000040000,0x0000000004040000)]

Other Threads:
  0x00000000094a1800 VMThread [stack: 0x000000004f300000,0x0000000053300000] [id=2416]
  0x000000000951d000 WatcherThread [stack: 0x000000007bc70000,0x000000007fc70000] [id=6512]

VM state:not at safepoint (normal execution)

VM Mutex/Monitor currently owned by a thread: None

Heap
 PSYoungGen      total 47552K, used 36163K [0x000000003c200000, 0x000000003f280000, 0x000000003f300000)
  eden space 45376K, 79% used [0x000000003c200000,0x000000003e520e80,0x000000003ee50000)
  from space 2176K, 8% used [0x000000003f060000,0x000000003f090000,0x000000003f280000)
  to   space 2112K, 0% used [0x000000003ee50000,0x000000003ee50000,0x000000003f060000)
 PSOldGen        total 150528K, used 85912K [0x0000000032f00000, 0x000000003c200000, 0x000000003c200000)
  object space 150528K, 57% used [0x0000000032f00000,0x00000000382e62e8,0x000000003c200000)
 PSPermGen       total 126784K, used 75973K [0x000000002af00000, 0x0000000032ad0000, 0x0000000032f00000)
  object space 126784K, 59% used [0x000000002af00000,0x000000002f9316b8,0x0000000032ad0000)

Dynamic libraries:
0x0000000140000000 - 0x0000000140028000 	C:\Program Files\MATLAB\R2013a\bin\win64\MATLAB.exe
0x00007ffee72e0000 - 0x00007ffee748a000 	C:\WINDOWS\SYSTEM32\ntdll.dll
0x00007ffee70f0000 - 0x00007ffee722a000 	C:\WINDOWS\system32\KERNEL32.DLL
0x00007ffee4a30000 - 0x00007ffee4b3f000 	C:\WINDOWS\system32\KERNELBASE.dll
0x0000000074460000 - 0x0000000074515000 	C:\Program Files\MATLAB\R2013a\bin\win64\libut.dll
0x0000000073f70000 - 0x0000000074112000 	C:\Program Files\MATLAB\R2013a\bin\win64\libmwfl.dll
0x0000000180000000 - 0x000000018032f000 	C:\Program Files\MATLAB\R2013a\bin\win64\libmwservices.dll
0x0000000074970000 - 0x0000000074a18000 	C:\Program Files\MATLAB\R2013a\bin\win64\mcr.dll
0x00000000040f0000 - 0x0000000004246000 	C:\Program Files\MATLAB\R2013a\bin\win64\mvm.dll
0x00000000570d0000 - 0x0000000057168000 	C:\Program Files\MATLAB\R2013a\bin\win64\MSVCP100.dll
0x0000000056ff0000 - 0x00000000570c2000 	C:\Program Files\MATLAB\R2013a\bin\win64\MSVCR100.dll
0x00000000758a0000 - 0x000000007595f000 	C:\Program Files\MATLAB\R2013a\bin\win64\libmwi18n.dll
0x0000000004380000 - 0x00000000043a1000 	C:\Program Files\MATLAB\R2013a\bin\win64\libmwmfl_scalar.dll
0x0000000056fe0000 - 0x0000000056fe9000 	C:\Program Files\MATLAB\R2013a\bin\win64\boost_system-vc100-mt-1_49.dll
0x0000000056fc0000 - 0x0000000056fd1000 	C:\Program Files\MATLAB\R2013a\bin\win64\boost_thread-vc100-mt-1_49.dll
0x00007ffedd970000 - 0x00007ffedd9fc000 	C:\Program Files\MATLAB\R2013a\bin\win64\boost_log-vc100-mt-1_49.dll
0x0000000056360000 - 0x000000005649e000 	C:\Program Files\MATLAB\R2013a\bin\win64\icuuc49.dll
0x0000000056fb0000 - 0x0000000056fc0000 	C:\Program Files\MATLAB\R2013a\bin\win64\icuio49.dll
0x00007ffede1b0000 - 0x00007ffede1e3000 	C:\Program Files\MATLAB\R2013a\bin\win64\tbb.dll
0x00007ffee72d0000 - 0x00007ffee72d7000 	C:\WINDOWS\system32\PSAPI.DLL
0x00007ffed4350000 - 0x00007ffed44d8000 	C:\WINDOWS\SYSTEM32\dbghelp.dll
0x00007ffee51c0000 - 0x00007ffee5265000 	C:\WINDOWS\system32\ADVAPI32.dll
0x00007ffee6de0000 - 0x00007ffee6f51000 	C:\WINDOWS\system32\USER32.dll
0x0000000000020000 - 0x000000000002d000 	C:\Program Files\MATLAB\R2013a\bin\win64\libmwresource_core.dll
0x000000007a350000 - 0x000000007a737000 	C:\Program Files\MATLAB\R2013a\bin\win64\libmwMATLAB_res.dll
0x0000000056fa0000 - 0x0000000056fae000 	C:\Program Files\MATLAB\R2013a\bin\win64\boost_date_time-vc100-mt-1_49.dll
0x0000000056f70000 - 0x0000000056f9c000 	C:\Program Files\MATLAB\R2013a\bin\win64\boost_filesystem-vc100-mt-1_49.dll
0x00000000561b0000 - 0x000000005628f000 	C:\Program Files\MATLAB\R2013a\bin\win64\boost_regex-vc100-mt-1_49.dll
0x0000000056f50000 - 0x0000000056f61000 	C:\Program Files\MATLAB\R2013a\bin\win64\boost_signals-vc100-mt-1_49.dll
0x00007ffee5000000 - 0x00007ffee5015000 	C:\WINDOWS\system32\imagehlp.dll
0x00007ffee3bd0000 - 0x00007ffee3c15000 	C:\WINDOWS\SYSTEM32\POWRPROF.dll
0x0000000075a20000 - 0x0000000075b0b000 	C:\Program Files\MATLAB\R2013a\bin\win64\libmx.dll
0x00000000043b0000 - 0x00000000043fe000 	C:\Program Files\MATLAB\R2013a\bin\win64\libmwregexp.dll
0x0000000075f10000 - 0x0000000075f57000 	C:\Program Files\MATLAB\R2013a\bin\win64\mpath.dll
0x000000007b680000 - 0x000000007bc66000 	C:\Program Files\MATLAB\R2013a\bin\win64\mlutil.dll
0x0000000004400000 - 0x0000000004422000 	C:\Program Files\MATLAB\R2013a\bin\win64\libmwMATLAB_settings_res.dll
0x0000000004250000 - 0x0000000004256000 	C:\Program Files\MATLAB\R2013a\bin\win64\libmwnativedisplay.dll
0x00007ffedfbc0000 - 0x00007ffedfbd0000 	C:\Program Files\MATLAB\R2013a\bin\win64\boost_iostreams-vc100-mt-1_49.dll
0x00007ffedd920000 - 0x00007ffedd966000 	C:\Program Files\MATLAB\R2013a\bin\win64\boost_serialization-vc100-mt-1_49.dll
0x00007ffee4700000 - 0x00007ffee47a1000 	C:\WINDOWS\WinSxS\amd64_microsoft.windows.common-controls_6595b64144ccf1df_5.82.9600.16384_none_34a8918f959016ea\COMCTL32.dll
0x00007ffee7020000 - 0x00007ffee70ba000 	C:\WINDOWS\system32\COMDLG32.dll
0x00007ffee3b10000 - 0x00007ffee3b25000 	C:\WINDOWS\SYSTEM32\NETAPI32.dll
0x00007ffee7270000 - 0x00007ffee72c8000 	C:\WINDOWS\system32\WS2_32.dll
0x0000000055f60000 - 0x00000000561a1000 	C:\Program Files\MATLAB\R2013a\bin\win64\xerces-c_2_7.dll
0x00007ffee59c0000 - 0x00007ffee6de0000 	C:\WINDOWS\system32\SHELL32.dll
0x00007ffee5790000 - 0x00007ffee5908000 	C:\WINDOWS\system32\ole32.dll
0x00007ffee6f60000 - 0x00007ffee7017000 	C:\WINDOWS\system32\OLEAUT32.dll
0x0000000075000000 - 0x00000000753b1000 	C:\Program Files\MATLAB\R2013a\bin\win64\iqm.dll
0x0000000079fb0000 - 0x0000000079fdf000 	C:\Program Files\MATLAB\R2013a\bin\win64\libmwbridge.dll
0x0000000004430000 - 0x0000000004454000 	C:\Program Files\MATLAB\R2013a\bin\win64\libmex.dll
0x0000000074e80000 - 0x0000000074f30000 	C:\Program Files\MATLAB\R2013a\bin\win64\m_dispatcher.dll
0x000000007b0a0000 - 0x000000007b2f6000 	C:\Program Files\MATLAB\R2013a\bin\win64\mcos.dll
0x0000000073cc0000 - 0x0000000073e0e000 	C:\Program Files\MATLAB\R2013a\bin\win64\libmwgui.dll
0x0000000004460000 - 0x0000000004da3000 	C:\Program Files\MATLAB\R2013a\bin\win64\hg.dll
0x0000000004db0000 - 0x0000000004e9b000 	C:\Program Files\MATLAB\R2013a\bin\win64\hgutils.dll
0x0000000004ea0000 - 0x00000000056a8000 	C:\Program Files\MATLAB\R2013a\bin\win64\m_interpreter.dll
0x0000000075710000 - 0x00000000757d8000 	C:\Program Files\MATLAB\R2013a\bin\win64\jmi.dll
0x00000000056b0000 - 0x000000000575e000 	C:\Program Files\MATLAB\R2013a\bin\win64\udd_mi.dll
0x0000000005760000 - 0x0000000005a2e000 	C:\Program Files\MATLAB\R2013a\bin\win64\uiw.dll
0x000000007a1f0000 - 0x000000007a20d000 	C:\Program Files\MATLAB\R2013a\bin\win64\mwoles05.DLL
0x0000000005a30000 - 0x0000000005a9c000 	C:\Program Files\MATLAB\R2013a\bin\win64\comcli.dll
0x0000000005aa0000 - 0x0000000005aac000 	C:\Program Files\MATLAB\R2013a\bin\win64\mlautoregister.dll
0x00007ffee5640000 - 0x00007ffee5784000 	C:\WINDOWS\system32\GDI32.dll
0x0000000056f20000 - 0x0000000056f45000 	C:\Program Files\MATLAB\R2013a\bin\win64\LIBEXPAT.dll
0x0000000055760000 - 0x00000000558ea000 	C:\Program Files\MATLAB\R2013a\bin\win64\icuin49.dll
0x0000000054630000 - 0x0000000055752000 	C:\Program Files\MATLAB\R2013a\bin\win64\icudt49.dll
0x00007ffee5590000 - 0x00007ffee5637000 	C:\WINDOWS\system32\msvcrt.dll
0x00007ffee4b40000 - 0x00007ffee4b97000 	C:\WINDOWS\SYSTEM32\sechost.dll
0x00007ffee5270000 - 0x00007ffee53a7000 	C:\WINDOWS\system32\RPCRT4.dll
0x00007ffedd8f0000 - 0x00007ffedd918000 	C:\Program Files\MATLAB\R2013a\bin\win64\tbbmalloc.dll
0x0000000056f00000 - 0x0000000056f17000 	C:\Program Files\MATLAB\R2013a\bin\win64\zlib1.dll
0x00000000754d0000 - 0x0000000075547000 	C:\Program Files\MATLAB\R2013a\bin\win64\xmlcore.dll
0x00007ffee4bb0000 - 0x00007ffee4c01000 	C:\WINDOWS\system32\SHLWAPI.dll
0x00007ffee4070000 - 0x00007ffee407c000 	C:\WINDOWS\SYSTEM32\netutils.dll
0x00007ffee4310000 - 0x00007ffee4335000 	C:\WINDOWS\SYSTEM32\srvcli.dll
0x00007ffee3a50000 - 0x00007ffee3a66000 	C:\WINDOWS\SYSTEM32\wkscli.dll
0x00007ffee70e0000 - 0x00007ffee70e9000 	C:\WINDOWS\system32\NSI.dll
0x00007ffee53b0000 - 0x00007ffee5586000 	C:\WINDOWS\SYSTEM32\combase.dll
0x0000000074f40000 - 0x0000000074ff6000 	C:\Program Files\MATLAB\R2013a\bin\win64\udd.dll
0x0000000005ae0000 - 0x0000000005b04000 	C:\Program Files\MATLAB\R2013a\bin\win64\graphics_util.dll
0x0000000076100000 - 0x000000007615a000 	C:\Program Files\MATLAB\R2013a\bin\win64\libmat.dll
0x00000000761c0000 - 0x0000000076200000 	C:\Program Files\MATLAB\R2013a\bin\win64\libmwhardcopy.dll
0x0000000075c70000 - 0x0000000075cce000 	C:\Program Files\MATLAB\R2013a\bin\win64\libuij.dll
0x0000000072f50000 - 0x000000007318f000 	C:\Program Files\MATLAB\R2013a\bin\win64\hgdatatypes.dll
0x0000000075820000 - 0x000000007589e000 	C:\Program Files\MATLAB\R2013a\bin\win64\libmwlapack.dll
0x0000000005b10000 - 0x0000000005b46000 	C:\Program Files\MATLAB\R2013a\bin\win64\libmwgbtutils.dll
0x0000000005b50000 - 0x0000000005b64000 	C:\Program Files\MATLAB\R2013a\bin\win64\libmwgbt.dll
0x00000000540d0000 - 0x000000005462d000 	C:\Program Files\MATLAB\R2013a\bin\win64\mfc100.dll
0x00007ffee0190000 - 0x00007ffee020b000 	C:\WINDOWS\SYSTEM32\WINSPOOL.DRV
0x0000000075430000 - 0x00000000754ab000 	C:\Program Files\MATLAB\R2013a\bin\win64\profiler.dll
0x0000000005b70000 - 0x0000000005df3000 	C:\Program Files\MATLAB\R2013a\bin\win64\libmwmathutil.dll
0x0000000079f40000 - 0x0000000079f66000 	C:\Program Files\MATLAB\R2013a\bin\win64\libmwmathrng.dll
0x000000007a1b0000 - 0x000000007a1d0000 	C:\Program Files\MATLAB\R2013a\bin\win64\m_pcodeio.dll
0x0000000079b10000 - 0x0000000079b6c000 	C:\Program Files\MATLAB\R2013a\bin\win64\m_ir.dll
0x0000000078ed0000 - 0x0000000079579000 	C:\Program Files\MATLAB\R2013a\bin\win64\m_parser.dll
0x000000007a130000 - 0x000000007a158000 	C:\Program Files\MATLAB\R2013a\bin\win64\m_pcodegen.dll
0x0000000005e00000 - 0x0000000005e63000 	C:\Program Files\MATLAB\R2013a\bin\win64\libmwspmatrix.dll
0x0000000005e70000 - 0x0000000005e7e000 	C:\Program Files\MATLAB\R2013a\bin\win64\nativejava_services.dll
0x0000000005e80000 - 0x0000000005e89000 	C:\Program Files\MATLAB\R2013a\bin\win64\uinone.dll
0x0000000005e90000 - 0x0000000005eb6000 	C:\Program Files\MATLAB\R2013a\bin\win64\libmwnativefiledialogs.dll
0x00007ffedc340000 - 0x00007ffedc35b000 	C:\WINDOWS\SYSTEM32\MPR.dll
0x0000000056ed0000 - 0x0000000056efb000 	C:\Program Files\MATLAB\R2013a\bin\win64\ATL100.DLL
0x00007ffedd830000 - 0x00007ffedd8e8000 	C:\Program Files\MATLAB\R2013a\bin\win64\libtex_base.dll
0x0000000072d30000 - 0x0000000072f38000 	C:\Program Files\MATLAB\R2013a\bin\win64\hdf5dll.dll
0x000000007a310000 - 0x000000007a325000 	C:\Program Files\MATLAB\R2013a\bin\win64\libmwbinder.dll
0x0000000005ee0000 - 0x0000000005eeb000 	C:\Program Files\MATLAB\R2013a\bin\win64\libmwompwrapper.dll
0x00007ffee0230000 - 0x00007ffee0237000 	C:\WINDOWS\SYSTEM32\MSIMG32.dll
0x0000000005ef0000 - 0x0000000005f00000 	C:\Program Files\MATLAB\R2013a\bin\win64\libmwmfl_rng.dll
0x0000000074c10000 - 0x0000000074cf8000 	C:\Program Files\MATLAB\R2013a\bin\win64\libmwmathcore.dll
0x000000007a2f0000 - 0x000000007a307000 	C:\Program Files\MATLAB\R2013a\bin\win64\ir_xfmr.dll
0x0000000005f00000 - 0x0000000005f10000 	C:\Program Files\MATLAB\R2013a\bin\win64\mtok.dll
0x0000000005f10000 - 0x0000000005f1c000 	C:\Program Files\MATLAB\R2013a\bin\win64\libmwplatform_res.dll
0x00007ffee2720000 - 0x00007ffee27bf000 	C:\WINDOWS\SYSTEM32\SHCORE.DLL
0x0000000075ea0000 - 0x0000000075f02000 	C:\Program Files\MATLAB\R2013a\bin\win64\libmwcholmod.dll
0x0000000005f40000 - 0x0000000005f4d000 	C:\Program Files\MATLAB\R2013a\bin\win64\libmwamd.dll
0x0000000005f50000 - 0x0000000005f5c000 	C:\Program Files\MATLAB\R2013a\bin\win64\libmwcolamd.dll
0x000000007a290000 - 0x000000007a2a3000 	C:\Program Files\MATLAB\R2013a\bin\win64\libmwblas.dll
0x00000000564d0000 - 0x0000000056573000 	C:\WINDOWS\WinSxS\amd64_microsoft.vc90.crt_1fc8b3b9a1e18e3b_9.0.30729.8387_none_08e793bfa83a89b5\MSVCR90.dll
0x00007ffee7230000 - 0x00007ffee7264000 	C:\WINDOWS\system32\IMM32.DLL
0x00007ffee4eb0000 - 0x00007ffee4fe9000 	C:\WINDOWS\system32\MSCTF.dll
0x0000000057540000 - 0x0000000057578000 	C:\PROGRA~2\Sophos\SOPHOS~1\SOPHOS~2.DLL
0x00007ffee2dc0000 - 0x00007ffee2ee1000 	C:\WINDOWS\SYSTEM32\UxTheme.dll
0x00007ffee2550000 - 0x00007ffee2570000 	C:\WINDOWS\system32\dwmapi.dll
0x0000000056ec0000 - 0x0000000056ecd000 	C:\Program Files\MATLAB\R2013a\bin\win64\MFC100ENU.DLL
0x00000000060b0000 - 0x00000000060fe000 	C:\Program Files\MATLAB\R2013a\bin\win64\MVMLocal.dll
0x00007ffee4630000 - 0x00007ffee4644000 	C:\WINDOWS\SYSTEM32\profapi.dll
0x0000000006110000 - 0x000000000611d000 	C:\Program Files\MATLAB\R2013a\bin\win64\xmlxrcsc.dll
0x00007ffee2fb0000 - 0x00007ffee2fba000 	C:\WINDOWS\SYSTEM32\kernel.appcore.dll

VM Arguments:
jvm_args: -XX:PermSize=32m -Xms64m -XX:NewRatio=3 -XX:MaxPermSize=128m -Xmx196m -XX:MaxDirectMemorySize=2147400000 -Dsun.java2d.noddraw=true -Dsun.awt.nopixfmt=true -Xshare:off -Xrs -Dsun.awt.disableMixing=true -Djava.library.path=C:\Program Files\MATLAB\R2013a\bin\win64;C:\Program Files\MATLAB\R2013a\sys\jxbrowser\win64\lib vfprintf abort 
java_command: <unknown>
Launcher Type: generic

Environment Variables:
JAVA_HOME=C:\Program Files\Java\jdk1.8.0
USERNAME=Sydney Do
OS=Windows_NT
PROCESSOR_IDENTIFIER=Intel64 Family 6 Model 58 Stepping 9, GenuineIntel



---------------  S Y S T E M  ---------------

OS: Windows NT 6.2 Build 9200 

CPU:total 4 (8 cores per cpu, 2 threads per core) family 6 model 58 stepping 9, cmov, cx8, fxsr, mmx, sse, sse2, sse3, ssse3, sse4.1, sse4.2, ht

Memory: 4k page, physical 8077096k(3933600k free), swap 16203560k(11025732k free)

vm_info: Java HotSpot(TM) 64-Bit Server VM (14.3-b01) for windows-amd64 JRE (1.6.0_17-b04), built on Oct 11 2009 00:46:08 by "java_re" with MS VC++ 8.0

time: Sun Sep 07 13:42:44 2014
elapsed time: 17157 seconds

