#
# A fatal error has been detected by the Java Runtime Environment:
#
#  EXCEPTION_ACCESS_VIOLATION (0xc0000005) at pc=0x00000000523bc750, pid=11660, tid=11916
#
# JRE version: 6.0_17-b04
# Java VM: Java HotSpot(TM) 64-Bit Server VM (14.3-b01 mixed mode windows-amd64 )
# Problematic frame:
# C  0x00000000523bc750
#
# If you would like to submit a bug report, please visit:
#   http://java.sun.com/webapps/bugreport/crash.jsp
# The crash happened outside the Java Virtual Machine in native code.
# See problematic frame for where to report the bug.
#

---------------  T H R E A D  ---------------

Current thread (0x0000000053d3d800):  JavaThread "AWT-EventQueue-0" [_thread_in_native, id=11916, stack(0x000000009bff0000,0x000000009fff0000)]

siginfo: ExceptionCode=0xc0000005, reading address 0x0000000000000008

Registers:
EAX=0x000000000000000d, EBX=0x0000000053d3d9b8, ECX=0x0000000000000000, EDX=0xffffffffc6012741
ESP=0x000000009ffee1c8, EBP=0x00000000094d06e0, ESI=0x0000000053d3d9b8, EDI=0x0000000053920ba0
EIP=0x00000000523bc750, EFLAGS=0x0000000000010206

Top of Stack: (sp=0x000000009ffee1c8)
0x000000009ffee1c8:   000000005236589c 0000000053d3d9b8
0x000000009ffee1d8:   00000000094d06e0 0000000053d3d9b8
0x000000009ffee1e8:   0000000053920ba0 0000000031f3a9f8
0x000000009ffee1f8:   0000000053d3d9b8 000000002becb438
0x000000009ffee208:   0000000052343810 0000000053d3d9b8
0x000000009ffee218:   000000009ffee8e0 000000009ffee958
0x000000009ffee228:   00000000094d06e0 000000009ffee280
0x000000009ffee238:   0000000052362151 000000002738a7dc
0x000000009ffee248:   000000009ffee950 0000000000000000
0x000000009ffee258:   000000009ffee958 000000003cbb3b90
0x000000009ffee268:   0000000038b090c0 0000000031fc3bb8
0x000000009ffee278:   0000000031f57c40 0000000038b090c0
0x000000009ffee288:   0000001300000020 000000003202d828
0x000000009ffee298:   4040000000000000 000000003cbb3b90
0x000000009ffee2a8:   000000003cbb3ad0 000000009ffee328
0x000000009ffee2b8:   0000000026ee5ac2 0000000026ee5ac2 

Instructions: (pc=0x00000000523bc750)
0x00000000523bc740:   48 8b 41 08 48 8b 80 18 0c 00 00 c3 cc cc cc cc
0x00000000523bc750:   48 8b 49 08 48 85 c9 74 05 e9 72 f6 fd ff 33 c0 


Stack: [0x000000009bff0000,0x000000009fff0000],  sp=0x000000009ffee1c8,  free space=65528k
Native frames: (J=compiled Java code, j=interpreted, Vv=VM code, C=native code)
C  0x00000000523bc750

Java frames: (J=compiled Java code, j=interpreted, Vv=VM code)
j  sun.java2d.windows.GDIBlitLoops.nativeBlit(Lsun/java2d/SurfaceData;Lsun/java2d/SurfaceData;Lsun/java2d/pipe/Region;IIIIIIIIIZ)V+0
j  sun.java2d.windows.GDIBlitLoops.Blit(Lsun/java2d/SurfaceData;Lsun/java2d/SurfaceData;Ljava/awt/Composite;Lsun/java2d/pipe/Region;IIIIII)V+33
j  sun.java2d.pipe.DrawImage.blitSurfaceData(Lsun/java2d/SunGraphics2D;Lsun/java2d/pipe/Region;Lsun/java2d/SurfaceData;Lsun/java2d/SurfaceData;Lsun/java2d/loops/SurfaceType;Lsun/java2d/loops/SurfaceType;IIIIIILjava/awt/Color;)V+97
j  sun.java2d.pipe.DrawImage.renderImageCopy(Lsun/java2d/SunGraphics2D;Ljava/awt/Image;Ljava/awt/Color;IIIIII)Z+75
j  sun.java2d.pipe.DrawImage.copyImage(Lsun/java2d/SunGraphics2D;Ljava/awt/Image;IILjava/awt/Color;)Z+45
j  sun.java2d.pipe.DrawImage.copyImage(Lsun/java2d/SunGraphics2D;Ljava/awt/Image;IILjava/awt/Color;Ljava/awt/image/ImageObserver;)Z+15
J  sun.java2d.SunGraphics2D.drawImage(Ljava/awt/Image;IILjava/awt/Color;Ljava/awt/image/ImageObserver;)Z
J  javax.swing.RepaintManager$PaintManager.paintDoubleBuffered(Ljavax/swing/JComponent;Ljava/awt/Image;Ljava/awt/Graphics;IIII)V
J  javax.swing.RepaintManager$PaintManager.paint(Ljavax/swing/JComponent;Ljavax/swing/JComponent;Ljava/awt/Graphics;IIII)Z
j  javax.swing.RepaintManager.paint(Ljavax/swing/JComponent;Ljavax/swing/JComponent;Ljava/awt/Graphics;IIII)V+52
J  javax.swing.JComponent.paint(Ljava/awt/Graphics;)V
j  java.awt.GraphicsCallback$PaintCallback.run(Ljava/awt/Component;Ljava/awt/Graphics;)V+2
j  sun.awt.SunGraphicsCallback.runOneComponent(Ljava/awt/Component;Ljava/awt/Rectangle;Ljava/awt/Graphics;Ljava/awt/Shape;I)V+155
j  sun.awt.SunGraphicsCallback.runComponents([Ljava/awt/Component;Ljava/awt/Graphics;I)V+104
j  java.awt.Container.paint(Ljava/awt/Graphics;)V+73
J  javax.swing.RepaintManager.paintDirtyRegions(Ljava/util/Map;)V
j  javax.swing.RepaintManager.paintDirtyRegions()V+46
j  javax.swing.RepaintManager.seqPaintDirtyRegions()V+73
j  javax.swing.SystemEventQueueUtilities$ComponentWorkRequest.run()V+36
J  java.awt.event.InvocationEvent.dispatch()V
J  java.awt.EventDispatchThread.pumpOneEventForFilters(I)Z
J  java.awt.EventDispatchThread.pumpEventsForFilter(ILjava/awt/Conditional;Ljava/awt/EventFilter;)V
j  java.awt.EventDispatchThread.pumpEventsForHierarchy(ILjava/awt/Conditional;Ljava/awt/Component;)V+11
j  java.awt.EventDispatchThread.pumpEvents(ILjava/awt/Conditional;)V+4
j  java.awt.EventDispatchThread.pumpEvents(Ljava/awt/Conditional;)V+3
j  java.awt.EventDispatchThread.run()V+9
v  ~StubRoutines::call_stub

---------------  P R O C E S S  ---------------

Java Threads: ( => current thread )
  0x0000000053ef8800 JavaThread "Unnamed RequestAggregator Timer" daemon [_thread_new, id=13732, stack(0x0000000000000000,0x0000000000000000)]
  0x0000000053efe800 JavaThread "Swing-Shell" daemon [_thread_blocked, id=10392, stack(0x0000000178030000,0x000000017c030000)]
  0x0000000053efc800 JavaThread "Foxtrot Single Worker Thread #1" daemon [_thread_blocked, id=3456, stack(0x0000000138f00000,0x000000013cf00000)]
  0x0000000053efb800 JavaThread "Code Analyzer updating thread" [_thread_blocked, id=3040, stack(0x00000000bef60000,0x00000000c2f60000)]
  0x0000000053ef7800 JavaThread "Prefs Updater" daemon [_thread_blocked, id=11608, stack(0x000000000da70000,0x0000000011a70000)]
  0x0000000053efe000 JavaThread "Timer-2" daemon [_thread_blocked, id=3120, stack(0x0000000144030000,0x0000000148030000)]
  0x0000000053ef8000 JavaThread "com.jniwrapper.NativeResourceCollector" daemon [_thread_blocked, id=12284, stack(0x0000000134f00000,0x0000000138f00000)]
  0x0000000053efa000 JavaThread "Code Analyzer updating thread" [_thread_blocked, id=12140, stack(0x0000000124f00000,0x0000000128f00000)]
  0x00000000b86b6800 JavaThread "Code Analyzer updating thread" [_thread_blocked, id=12132, stack(0x0000000120f00000,0x0000000124f00000)]
  0x00000000b86b7800 JavaThread "Code Analyzer updating thread" [_thread_blocked, id=12124, stack(0x000000011cf00000,0x0000000120f00000)]
  0x00000000b86b5800 JavaThread "Code Analyzer updating thread" [_thread_blocked, id=12116, stack(0x0000000118f00000,0x000000011cf00000)]
  0x00000000b86b7000 JavaThread "Code Analyzer updating thread" [_thread_blocked, id=12108, stack(0x0000000114f00000,0x0000000118f00000)]
  0x00000000b86b2000 JavaThread "Code Analyzer updating thread" [_thread_blocked, id=12100, stack(0x0000000110f00000,0x0000000114f00000)]
  0x00000000b86b5000 JavaThread "Code Analyzer updating thread" [_thread_blocked, id=12092, stack(0x000000010cf00000,0x0000000110f00000)]
  0x00000000b86b4000 JavaThread "Code Analyzer updating thread" [_thread_blocked, id=12084, stack(0x0000000108f00000,0x000000010cf00000)]
  0x00000000b86b2800 JavaThread "Code Analyzer updating thread" [_thread_blocked, id=12076, stack(0x0000000104f00000,0x0000000108f00000)]
  0x00000000b86b3800 JavaThread "Code Analyzer updating thread" [_thread_blocked, id=12068, stack(0x0000000100f00000,0x0000000104f00000)]
  0x00000000b86ae800 JavaThread "Code Analyzer updating thread" [_thread_blocked, id=12060, stack(0x00000000fcf00000,0x0000000100f00000)]
  0x00000000b86b1000 JavaThread "Code Analyzer updating thread" [_thread_blocked, id=12052, stack(0x00000000f8f00000,0x00000000fcf00000)]
  0x00000000b86ad800 JavaThread "Code Analyzer updating thread" [_thread_blocked, id=12044, stack(0x00000000f4f00000,0x00000000f8f00000)]
  0x00000000b86ad000 JavaThread "Code Analyzer updating thread" [_thread_blocked, id=12036, stack(0x00000000f0f00000,0x00000000f4f00000)]
  0x00000000b86af000 JavaThread "Code Analyzer updating thread" [_thread_blocked, id=12028, stack(0x00000000ecf00000,0x00000000f0f00000)]
  0x00000000b86b0000 JavaThread "Code Analyzer updating thread" [_thread_blocked, id=12020, stack(0x00000000e8f00000,0x00000000ecf00000)]
  0x00000000b86ac000 JavaThread "Code Analyzer updating thread" [_thread_blocked, id=12012, stack(0x00000000e4f00000,0x00000000e8f00000)]
  0x00000000b86aa800 JavaThread "Active Reference Queue Daemon" daemon [_thread_blocked, id=12004, stack(0x00000000e0f00000,0x00000000e4f00000)]
  0x00000000b86a8800 JavaThread "Timer-1" daemon [_thread_blocked, id=12000, stack(0x00000000dcf00000,0x00000000e0f00000)]
  0x00000000b86ab800 JavaThread "ClipboardMonitor Timer" daemon [_thread_blocked, id=11996, stack(0x00000000d8f00000,0x00000000dcf00000)]
  0x00000000b86a9800 JavaThread "Explorer NavigationContext request queue" daemon [_thread_in_native, id=11976, stack(0x00000000d4f00000,0x00000000d8f00000)]
  0x0000000053d42000 JavaThread "AddressBar directory emptiness poller" daemon [_thread_blocked, id=11964, stack(0x00000000ccf00000,0x00000000d0f00000)]
  0x0000000053d43000 JavaThread "Explorer Refresh Service 1646372970" daemon [_thread_blocked, id=11960, stack(0x00000000c8f00000,0x00000000ccf00000)]
  0x0000000053d42800 JavaThread "Thread-4" daemon [_thread_blocked, id=11948, stack(0x00000000c3f30000,0x00000000c7f30000)]
  0x0000000053d3c000 JavaThread "TimerQueue" daemon [_thread_blocked, id=11936, stack(0x00000000b3ff0000,0x00000000b7ff0000)]
  0x0000000053d3e000 JavaThread "Thread-3" daemon [_thread_blocked, id=11920, stack(0x000000009fff0000,0x00000000a3ff0000)]
=>0x0000000053d3d800 JavaThread "AWT-EventQueue-0" [_thread_in_native, id=11916, stack(0x000000009bff0000,0x000000009fff0000)]
  0x0000000053d3c800 JavaThread "AWT-Shutdown" [_thread_blocked, id=11912, stack(0x000000008bff0000,0x000000008fff0000)]
  0x0000000053d3f000 JavaThread "FelixPackageAdmin" daemon [_thread_blocked, id=11908, stack(0x00000000abff0000,0x00000000afff0000)]
  0x000000005393a800 JavaThread "FelixStartLevel" daemon [_thread_blocked, id=11904, stack(0x00000000a7ff0000,0x00000000abff0000)]
  0x000000005393a000 JavaThread "FelixDispatchQueue" daemon [_thread_blocked, id=11900, stack(0x00000000a3ff0000,0x00000000a7ff0000)]
  0x00000000094b6800 JavaThread "com.google.common.base.internal.Finalizer" daemon [_thread_blocked, id=11888, stack(0x0000000097ff0000,0x000000009bff0000)]
  0x00000000524d4800 JavaThread "AWT-Windows" daemon [_thread_in_native, id=11880, stack(0x000000008fff0000,0x0000000093ff0000)]
  0x0000000009526000 JavaThread "Java2D Disposer" daemon [_thread_blocked, id=11872, stack(0x0000000087ff0000,0x000000008bff0000)]
  0x000000005332f000 JavaThread "Timer-0" [_thread_blocked, id=11868, stack(0x0000000083ff0000,0x0000000087ff0000)]
  0x00000000532b9800 JavaThread "EventMgr Dispatcher" daemon [_thread_in_native, id=11864, stack(0x000000007fff0000,0x0000000083ff0000)]
  0x000000000942c800 JavaThread "Low Memory Detector" daemon [_thread_blocked, id=11852, stack(0x000000006c160000,0x0000000070160000)]
  0x0000000009426000 JavaThread "CompilerThread1" daemon [_thread_blocked, id=11848, stack(0x0000000068160000,0x000000006c160000)]
  0x0000000009423000 JavaThread "CompilerThread0" daemon [_thread_blocked, id=11844, stack(0x0000000064160000,0x0000000068160000)]
  0x0000000009422000 JavaThread "Attach Listener" daemon [_thread_blocked, id=11840, stack(0x0000000060160000,0x0000000064160000)]
  0x00000000093f4000 JavaThread "Finalizer" daemon [_thread_blocked, id=11836, stack(0x000000005c160000,0x0000000060160000)]
  0x0000000011b5d800 JavaThread "Reference Handler" daemon [_thread_blocked, id=11832, stack(0x0000000058160000,0x000000005c160000)]
  0x0000000011a86000 JavaThread "main" [_thread_in_native, id=11664, stack(0x0000000000040000,0x0000000004040000)]

Other Threads:
  0x00000000093f1800 VMThread [stack: 0x000000004e2e0000,0x00000000522e0000] [id=11828]
  0x0000000009465000 WatcherThread [stack: 0x000000007bc70000,0x000000007fc70000] [id=11856]

VM state:not at safepoint (normal execution)

VM Mutex/Monitor currently owned by a thread: None

Heap
 PSYoungGen      total 49216K, used 42153K [0x000000003b1e0000, 0x000000003e2d0000, 0x000000003e2e0000)
  eden space 48384K, 86% used [0x000000003b1e0000,0x000000003dada760,0x000000003e120000)
  from space 832K, 23% used [0x000000003e1f0000,0x000000003e220000,0x000000003e2c0000)
  to   space 832K, 0% used [0x000000003e120000,0x000000003e120000,0x000000003e1f0000)
 PSOldGen        total 150528K, used 120550K [0x0000000031ee0000, 0x000000003b1e0000, 0x000000003b1e0000)
  object space 150528K, 80% used [0x0000000031ee0000,0x0000000039499900,0x000000003b1e0000)
 PSPermGen       total 130880K, used 76972K [0x0000000029ee0000, 0x0000000031eb0000, 0x0000000031ee0000)
  object space 130880K, 58% used [0x0000000029ee0000,0x000000002ea0b268,0x0000000031eb0000)

Dynamic libraries:
0x0000000140000000 - 0x0000000140028000 	C:\Program Files\MATLAB\R2013a\bin\win64\MATLAB.exe
0x00007ffdf8510000 - 0x00007ffdf86b6000 	C:\WINDOWS\SYSTEM32\ntdll.dll
0x00007ffdf7ff0000 - 0x00007ffdf812a000 	C:\WINDOWS\system32\KERNEL32.DLL
0x00007ffdf5c20000 - 0x00007ffdf5d2f000 	C:\WINDOWS\system32\KERNELBASE.dll
0x0000000074460000 - 0x0000000074515000 	C:\Program Files\MATLAB\R2013a\bin\win64\libut.dll
0x0000000073f70000 - 0x0000000074112000 	C:\Program Files\MATLAB\R2013a\bin\win64\libmwfl.dll
0x0000000180000000 - 0x000000018032f000 	C:\Program Files\MATLAB\R2013a\bin\win64\libmwservices.dll
0x0000000074970000 - 0x0000000074a18000 	C:\Program Files\MATLAB\R2013a\bin\win64\mcr.dll
0x00000000041f0000 - 0x0000000004346000 	C:\Program Files\MATLAB\R2013a\bin\win64\mvm.dll
0x0000000057cb0000 - 0x0000000057d48000 	C:\Program Files\MATLAB\R2013a\bin\win64\MSVCP100.dll
0x0000000057bd0000 - 0x0000000057ca2000 	C:\Program Files\MATLAB\R2013a\bin\win64\MSVCR100.dll
0x00000000758a0000 - 0x000000007595f000 	C:\Program Files\MATLAB\R2013a\bin\win64\libmwi18n.dll
0x0000000004370000 - 0x0000000004391000 	C:\Program Files\MATLAB\R2013a\bin\win64\libmwmfl_scalar.dll
0x0000000057bc0000 - 0x0000000057bc9000 	C:\Program Files\MATLAB\R2013a\bin\win64\boost_system-vc100-mt-1_49.dll
0x0000000057ba0000 - 0x0000000057bb1000 	C:\Program Files\MATLAB\R2013a\bin\win64\boost_thread-vc100-mt-1_49.dll
0x00007ffddf3b0000 - 0x00007ffddf43c000 	C:\Program Files\MATLAB\R2013a\bin\win64\boost_log-vc100-mt-1_49.dll
0x0000000057270000 - 0x00000000573ae000 	C:\Program Files\MATLAB\R2013a\bin\win64\icuuc49.dll
0x0000000057b90000 - 0x0000000057ba0000 	C:\Program Files\MATLAB\R2013a\bin\win64\icuio49.dll
0x00007ffde2a80000 - 0x00007ffde2ab3000 	C:\Program Files\MATLAB\R2013a\bin\win64\tbb.dll
0x00007ffdf7f80000 - 0x00007ffdf7f87000 	C:\WINDOWS\system32\PSAPI.DLL
0x00007ffde4840000 - 0x00007ffde49c8000 	C:\WINDOWS\SYSTEM32\dbghelp.dll
0x00007ffdf7a00000 - 0x00007ffdf7aa5000 	C:\WINDOWS\system32\ADVAPI32.dll
0x00007ffdf8240000 - 0x00007ffdf83b1000 	C:\WINDOWS\system32\USER32.dll
0x0000000000020000 - 0x000000000002d000 	C:\Program Files\MATLAB\R2013a\bin\win64\libmwresource_core.dll
0x000000007a350000 - 0x000000007a737000 	C:\Program Files\MATLAB\R2013a\bin\win64\libmwMATLAB_res.dll
0x0000000057b80000 - 0x0000000057b8e000 	C:\Program Files\MATLAB\R2013a\bin\win64\boost_date_time-vc100-mt-1_49.dll
0x0000000057b50000 - 0x0000000057b7c000 	C:\Program Files\MATLAB\R2013a\bin\win64\boost_filesystem-vc100-mt-1_49.dll
0x0000000056820000 - 0x00000000568ff000 	C:\Program Files\MATLAB\R2013a\bin\win64\boost_regex-vc100-mt-1_49.dll
0x0000000057b30000 - 0x0000000057b41000 	C:\Program Files\MATLAB\R2013a\bin\win64\boost_signals-vc100-mt-1_49.dll
0x00007ffdf7ab0000 - 0x00007ffdf7ac5000 	C:\WINDOWS\system32\imagehlp.dll
0x00007ffdf4e60000 - 0x00007ffdf4ea5000 	C:\WINDOWS\SYSTEM32\POWRPROF.dll
0x0000000075a20000 - 0x0000000075b0b000 	C:\Program Files\MATLAB\R2013a\bin\win64\libmx.dll
0x00000000043a0000 - 0x00000000043ee000 	C:\Program Files\MATLAB\R2013a\bin\win64\libmwregexp.dll
0x0000000075f10000 - 0x0000000075f57000 	C:\Program Files\MATLAB\R2013a\bin\win64\mpath.dll
0x000000007b680000 - 0x000000007bc66000 	C:\Program Files\MATLAB\R2013a\bin\win64\mlutil.dll
0x00000000043f0000 - 0x0000000004412000 	C:\Program Files\MATLAB\R2013a\bin\win64\libmwMATLAB_settings_res.dll
0x0000000004420000 - 0x0000000004426000 	C:\Program Files\MATLAB\R2013a\bin\win64\libmwnativedisplay.dll
0x00007ffdedab0000 - 0x00007ffdedac0000 	C:\Program Files\MATLAB\R2013a\bin\win64\boost_iostreams-vc100-mt-1_49.dll
0x00007ffde0750000 - 0x00007ffde0796000 	C:\Program Files\MATLAB\R2013a\bin\win64\boost_serialization-vc100-mt-1_49.dll
0x00007ffdf5940000 - 0x00007ffdf59e1000 	C:\WINDOWS\WinSxS\amd64_microsoft.windows.common-controls_6595b64144ccf1df_5.82.9600.16384_none_34a8918f959016ea\COMCTL32.dll
0x00007ffdf5d80000 - 0x00007ffdf5e1e000 	C:\WINDOWS\system32\COMDLG32.dll
0x00007ffdf4ec0000 - 0x00007ffdf4ed5000 	C:\WINDOWS\SYSTEM32\NETAPI32.dll
0x00007ffdf7f00000 - 0x00007ffdf7f58000 	C:\WINDOWS\system32\WS2_32.dll
0x00000000565d0000 - 0x0000000056811000 	C:\Program Files\MATLAB\R2013a\bin\win64\xerces-c_2_7.dll
0x00007ffdf6450000 - 0x00007ffdf785f000 	C:\WINDOWS\system32\SHELL32.dll
0x00007ffdf6010000 - 0x00007ffdf6188000 	C:\WINDOWS\system32\ole32.dll
0x00007ffdf7e40000 - 0x00007ffdf7ef7000 	C:\WINDOWS\system32\OLEAUT32.dll
0x0000000075000000 - 0x00000000753b1000 	C:\Program Files\MATLAB\R2013a\bin\win64\iqm.dll
0x0000000079fb0000 - 0x0000000079fdf000 	C:\Program Files\MATLAB\R2013a\bin\win64\libmwbridge.dll
0x0000000004430000 - 0x0000000004454000 	C:\Program Files\MATLAB\R2013a\bin\win64\libmex.dll
0x0000000074e80000 - 0x0000000074f30000 	C:\Program Files\MATLAB\R2013a\bin\win64\m_dispatcher.dll
0x000000007b0a0000 - 0x000000007b2f6000 	C:\Program Files\MATLAB\R2013a\bin\win64\mcos.dll
0x0000000073cc0000 - 0x0000000073e0e000 	C:\Program Files\MATLAB\R2013a\bin\win64\libmwgui.dll
0x0000000004460000 - 0x0000000004da3000 	C:\Program Files\MATLAB\R2013a\bin\win64\hg.dll
0x0000000004db0000 - 0x0000000004e9b000 	C:\Program Files\MATLAB\R2013a\bin\win64\hgutils.dll
0x0000000004ea0000 - 0x00000000056a8000 	C:\Program Files\MATLAB\R2013a\bin\win64\m_interpreter.dll
0x0000000075710000 - 0x00000000757d8000 	C:\Program Files\MATLAB\R2013a\bin\win64\jmi.dll
0x00000000056b0000 - 0x000000000575e000 	C:\Program Files\MATLAB\R2013a\bin\win64\udd_mi.dll
0x0000000005760000 - 0x0000000005a2e000 	C:\Program Files\MATLAB\R2013a\bin\win64\uiw.dll
0x000000007a1f0000 - 0x000000007a20d000 	C:\Program Files\MATLAB\R2013a\bin\win64\mwoles05.DLL
0x0000000005a30000 - 0x0000000005a9c000 	C:\Program Files\MATLAB\R2013a\bin\win64\comcli.dll
0x0000000005aa0000 - 0x0000000005aac000 	C:\Program Files\MATLAB\R2013a\bin\win64\mlautoregister.dll
0x00007ffdf83c0000 - 0x00007ffdf8504000 	C:\WINDOWS\system32\GDI32.dll
0x0000000057b00000 - 0x0000000057b25000 	C:\Program Files\MATLAB\R2013a\bin\win64\LIBEXPAT.dll
0x0000000056440000 - 0x00000000565ca000 	C:\Program Files\MATLAB\R2013a\bin\win64\icuin49.dll
0x0000000055310000 - 0x0000000056432000 	C:\Program Files\MATLAB\R2013a\bin\win64\icudt49.dll
0x00007ffdf6340000 - 0x00007ffdf63e7000 	C:\WINDOWS\system32\msvcrt.dll
0x00007ffdf63f0000 - 0x00007ffdf6447000 	C:\WINDOWS\SYSTEM32\sechost.dll
0x00007ffdf6190000 - 0x00007ffdf62c7000 	C:\WINDOWS\system32\RPCRT4.dll
0x00007ffded8e0000 - 0x00007ffded908000 	C:\Program Files\MATLAB\R2013a\bin\win64\tbbmalloc.dll
0x0000000057ae0000 - 0x0000000057af7000 	C:\Program Files\MATLAB\R2013a\bin\win64\zlib1.dll
0x00000000754d0000 - 0x0000000075547000 	C:\Program Files\MATLAB\R2013a\bin\win64\xmlcore.dll
0x00007ffdf62e0000 - 0x00007ffdf6331000 	C:\WINDOWS\system32\SHLWAPI.dll
0x00007ffdf4eb0000 - 0x00007ffdf4ebc000 	C:\WINDOWS\SYSTEM32\netutils.dll
0x00007ffdf5550000 - 0x00007ffdf5575000 	C:\WINDOWS\SYSTEM32\srvcli.dll
0x00007ffdf4d70000 - 0x00007ffdf4d86000 	C:\WINDOWS\SYSTEM32\wkscli.dll
0x00007ffdf6000000 - 0x00007ffdf6009000 	C:\WINDOWS\system32\NSI.dll
0x00007ffdf7c50000 - 0x00007ffdf7e26000 	C:\WINDOWS\SYSTEM32\combase.dll
0x0000000074f40000 - 0x0000000074ff6000 	C:\Program Files\MATLAB\R2013a\bin\win64\udd.dll
0x0000000005ae0000 - 0x0000000005b04000 	C:\Program Files\MATLAB\R2013a\bin\win64\graphics_util.dll
0x0000000076100000 - 0x000000007615a000 	C:\Program Files\MATLAB\R2013a\bin\win64\libmat.dll
0x00000000761c0000 - 0x0000000076200000 	C:\Program Files\MATLAB\R2013a\bin\win64\libmwhardcopy.dll
0x0000000075c70000 - 0x0000000075cce000 	C:\Program Files\MATLAB\R2013a\bin\win64\libuij.dll
0x0000000072f50000 - 0x000000007318f000 	C:\Program Files\MATLAB\R2013a\bin\win64\hgdatatypes.dll
0x0000000075820000 - 0x000000007589e000 	C:\Program Files\MATLAB\R2013a\bin\win64\libmwlapack.dll
0x0000000005b10000 - 0x0000000005b46000 	C:\Program Files\MATLAB\R2013a\bin\win64\libmwgbtutils.dll
0x0000000005b50000 - 0x0000000005b64000 	C:\Program Files\MATLAB\R2013a\bin\win64\libmwgbt.dll
0x0000000054db0000 - 0x000000005530d000 	C:\Program Files\MATLAB\R2013a\bin\win64\mfc100.dll
0x00007ffdf16d0000 - 0x00007ffdf174b000 	C:\WINDOWS\SYSTEM32\WINSPOOL.DRV
0x0000000075430000 - 0x00000000754ab000 	C:\Program Files\MATLAB\R2013a\bin\win64\profiler.dll
0x0000000005b70000 - 0x0000000005df3000 	C:\Program Files\MATLAB\R2013a\bin\win64\libmwmathutil.dll
0x0000000079f40000 - 0x0000000079f66000 	C:\Program Files\MATLAB\R2013a\bin\win64\libmwmathrng.dll
0x000000007a1b0000 - 0x000000007a1d0000 	C:\Program Files\MATLAB\R2013a\bin\win64\m_pcodeio.dll
0x0000000079b10000 - 0x0000000079b6c000 	C:\Program Files\MATLAB\R2013a\bin\win64\m_ir.dll
0x0000000078ed0000 - 0x0000000079579000 	C:\Program Files\MATLAB\R2013a\bin\win64\m_parser.dll
0x000000007a130000 - 0x000000007a158000 	C:\Program Files\MATLAB\R2013a\bin\win64\m_pcodegen.dll
0x0000000005e00000 - 0x0000000005e63000 	C:\Program Files\MATLAB\R2013a\bin\win64\libmwspmatrix.dll
0x0000000005e70000 - 0x0000000005e7e000 	C:\Program Files\MATLAB\R2013a\bin\win64\nativejava_services.dll
0x0000000005e80000 - 0x0000000005e89000 	C:\Program Files\MATLAB\R2013a\bin\win64\uinone.dll
0x0000000005e90000 - 0x0000000005eb6000 	C:\Program Files\MATLAB\R2013a\bin\win64\libmwnativefiledialogs.dll
0x00007ffdeb8a0000 - 0x00007ffdeb8bb000 	C:\WINDOWS\SYSTEM32\MPR.dll
0x0000000057ab0000 - 0x0000000057adb000 	C:\Program Files\MATLAB\R2013a\bin\win64\ATL100.DLL
0x00007ffdde490000 - 0x00007ffdde548000 	C:\Program Files\MATLAB\R2013a\bin\win64\libtex_base.dll
0x0000000072d30000 - 0x0000000072f38000 	C:\Program Files\MATLAB\R2013a\bin\win64\hdf5dll.dll
0x000000007a310000 - 0x000000007a325000 	C:\Program Files\MATLAB\R2013a\bin\win64\libmwbinder.dll
0x0000000005ee0000 - 0x0000000005eeb000 	C:\Program Files\MATLAB\R2013a\bin\win64\libmwompwrapper.dll
0x00007ffdf1750000 - 0x00007ffdf1757000 	C:\WINDOWS\SYSTEM32\MSIMG32.dll
0x0000000005ef0000 - 0x0000000005f00000 	C:\Program Files\MATLAB\R2013a\bin\win64\libmwmfl_rng.dll
0x0000000074c10000 - 0x0000000074cf8000 	C:\Program Files\MATLAB\R2013a\bin\win64\libmwmathcore.dll
0x000000007a2f0000 - 0x000000007a307000 	C:\Program Files\MATLAB\R2013a\bin\win64\ir_xfmr.dll
0x0000000005f00000 - 0x0000000005f10000 	C:\Program Files\MATLAB\R2013a\bin\win64\mtok.dll
0x0000000005f10000 - 0x0000000005f1c000 	C:\Program Files\MATLAB\R2013a\bin\win64\libmwplatform_res.dll
0x00007ffdf3c00000 - 0x00007ffdf3c9f000 	C:\WINDOWS\SYSTEM32\SHCORE.DLL
0x0000000075ea0000 - 0x0000000075f02000 	C:\Program Files\MATLAB\R2013a\bin\win64\libmwcholmod.dll
0x0000000005f40000 - 0x0000000005f4d000 	C:\Program Files\MATLAB\R2013a\bin\win64\libmwamd.dll
0x0000000005f50000 - 0x0000000005f5c000 	C:\Program Files\MATLAB\R2013a\bin\win64\libmwcolamd.dll
0x000000007a290000 - 0x000000007a2a3000 	C:\Program Files\MATLAB\R2013a\bin\win64\libmwblas.dll
0x0000000056ea0000 - 0x0000000056f43000 	C:\WINDOWS\WinSxS\amd64_microsoft.vc90.crt_1fc8b3b9a1e18e3b_9.0.30729.8387_none_08e793bfa83a89b5\MSVCR90.dll
0x00007ffdf7c10000 - 0x00007ffdf7c44000 	C:\WINDOWS\system32\IMM32.DLL
0x00007ffdf7ad0000 - 0x00007ffdf7c09000 	C:\WINDOWS\system32\MSCTF.dll
0x0000000058120000 - 0x0000000058158000 	C:\PROGRA~2\Sophos\SOPHOS~1\SOPHOS~2.DLL
0x00007ffdf4000000 - 0x00007ffdf4121000 	C:\WINDOWS\SYSTEM32\UxTheme.dll
0x00007ffdf3a30000 - 0x00007ffdf3a50000 	C:\WINDOWS\system32\dwmapi.dll
0x0000000057aa0000 - 0x0000000057aad000 	C:\Program Files\MATLAB\R2013a\bin\win64\MFC100ENU.DLL
0x0000000007bc0000 - 0x0000000007c0e000 	C:\Program Files\MATLAB\R2013a\bin\win64\MVMLocal.dll
0x00007ffdf5870000 - 0x00007ffdf5884000 	C:\WINDOWS\SYSTEM32\profapi.dll
0x0000000007c40000 - 0x0000000007c4d000 	C:\Program Files\MATLAB\R2013a\bin\win64\xmlxrcsc.dll
0x00007ffdf41f0000 - 0x00007ffdf41fa000 	C:\WINDOWS\SYSTEM32\kernel.appcore.dll

VM Arguments:
jvm_args: -XX:PermSize=32m -Xms64m -XX:NewRatio=3 -XX:MaxPermSize=128m -Xmx196m -XX:MaxDirectMemorySize=2147400000 -Dsun.java2d.noddraw=true -Dsun.awt.nopixfmt=true -Xshare:off -Xrs -Dsun.awt.disableMixing=true -Djava.library.path=C:\Program Files\MATLAB\R2013a\bin\win64;C:\Program Files\MATLAB\R2013a\sys\jxbrowser\win64\lib vfprintf abort 
java_command: <unknown>
Launcher Type: generic

Environment Variables:
JAVA_HOME=C:\Program Files\Java\jdk1.8.0
USERNAME=Sydney Do
OS=Windows_NT
PROCESSOR_IDENTIFIER=Intel64 Family 6 Model 58 Stepping 9, GenuineIntel



---------------  S Y S T E M  ---------------

OS: Windows NT 6.2 Build 9200 

CPU:total 4 (8 cores per cpu, 2 threads per core) family 6 model 58 stepping 9, cmov, cx8, fxsr, mmx, sse, sse2, sse3, ssse3, sse4.1, sse4.2, ht

Memory: 4k page, physical 8077096k(1988444k free), swap 16203560k(9343764k free)

vm_info: Java HotSpot(TM) 64-Bit Server VM (14.3-b01) for windows-amd64 JRE (1.6.0_17-b04), built on Oct 11 2009 00:46:08 by "java_re" with MS VC++ 8.0

time: Thu Nov 13 00:00:20 2014
elapsed time: 18365 seconds

